transferring data
Sun Jul  4 20:15:19 PDT 2021

Finished transferring
Sun Jul  4 20:15:22 PDT 2021

Adas: Argument Parser Options
---------------------------------------------
    config              : PostTrainingConfigs/CRC_transformed_testing/AdamP/lr-0.0005-config-AdamP.yaml
    data                : /localscratch/zhan8425.6958613.0        
    output              : ADP_post_trained/CRC_transformed/AdamP/output/fine_tuning
    checkpoint          : ADP_post_trained/CRC_transformed/AdamP/checkpoint/fine_tuning/lr-0.0005
    resume              : None                                    
    pretrained_model    : /home/zhan8425/projects/def-plato/zhan8425/HistoKT/.Adas-checkpoint/ADP/best_trial_2.pth.tar
    freeze_encoder      : 1                                       
    root                : .                                       
    save_freq           : 25                                      
    cpu                 : 0                                       
    gpu                 : 0                                       
    mpd                 : 0                                       
    dist_url            : tcp://127.0.0.1:23456                   
    dist_backend        : nccl                                    
    world_size          : -1                                      
    rank                : -1                                      
---------------------------------------------
Adas: Notice: early stop will not be used as it was set to -1.0, training till completion
Adas: Experiment Configuration
---------------------------------------------
    dataset              CRC_transformed     
    network              ResNet18            
    optimizer            AdamP               
    scheduler            None                
    level                L3Only              
    color_kwargs         {'augmentation': 'Color-Distortion', 'distortion': 0.3}
    degree_of_rotation   45                  
    vertical_flipping    0.5                 
    horizontal_flipping  0.5                 
    horizontal_shift     0.1                 
    vertical_shift       0.1                 
    gaussian_blur        0                   
    kernel_size          9                   
    variance             0.1                 
    cutout               0                   
    n_holes              1                   
    cutout_length        16                  
    init_lr              0.0005              
    early_stop_threshold -1.0                
    optimizer_kwargs     {'weight_decay': 0.0005}
    scheduler_kwargs     {'gamma': 0.5, 'step_size': 20.0}
    p                    1                   
    start_trial          0                   
    n_trials             3                   
    num_workers          4                   
    max_epochs           200                 
    mini_batch_size      32                  
    loss                 cross_entropy       
    early_stop_patience  10                  
---------------------------------------------
Adas: Pytorch device is set to cuda
AdamP on CRC_transformed: T 1/3 | E 1/200 Ended | E Time: 60.916s | ~Time Left: 12122.381s |  Train Loss: 1.0043 | Train Acc. 61.8214% | Test Loss: 0.8971 | Test Acc. 66.1429%
AdamP on CRC_transformed: T 1/3 | E 2/200 Ended | E Time: 60.363s | ~Time Left: 11951.932s |  Train Loss: 0.7501 | Train Acc. 72.2714% | Test Loss: 0.6986 | Test Acc. 74.1429%
AdamP on CRC_transformed: T 1/3 | E 3/200 Ended | E Time: 59.510s | ~Time Left: 11723.417s |  Train Loss: 0.5962 | Train Acc. 78.5071% | Test Loss: 0.7438 | Test Acc. 74.6429%
AdamP on CRC_transformed: T 1/3 | E 4/200 Ended | E Time: 59.375s | ~Time Left: 11637.581s |  Train Loss: 0.4709 | Train Acc. 83.1643% | Test Loss: 0.6481 | Test Acc. 77.5000%
AdamP on CRC_transformed: T 1/3 | E 5/200 Ended | E Time: 60.316s | ~Time Left: 11761.563s |  Train Loss: 0.4068 | Train Acc. 85.6357% | Test Loss: 0.3482 | Test Acc. 88.1429%
AdamP on CRC_transformed: T 1/3 | E 6/200 Ended | E Time: 61.190s | ~Time Left: 11870.825s |  Train Loss: 0.3474 | Train Acc. 87.5357% | Test Loss: 0.4408 | Test Acc. 83.3571%
AdamP on CRC_transformed: T 1/3 | E 7/200 Ended | E Time: 60.194s | ~Time Left: 11617.510s |  Train Loss: 0.3180 | Train Acc. 89.1286% | Test Loss: 0.2350 | Test Acc. 91.5000%
AdamP on CRC_transformed: T 1/3 | E 8/200 Ended | E Time: 60.826s | ~Time Left: 11678.547s |  Train Loss: 0.3004 | Train Acc. 89.6357% | Test Loss: 0.2677 | Test Acc. 90.9286%
AdamP on CRC_transformed: T 1/3 | E 9/200 Ended | E Time: 62.210s | ~Time Left: 11882.114s |  Train Loss: 0.2704 | Train Acc. 90.6714% | Test Loss: 0.2061 | Test Acc. 93.0000%
AdamP on CRC_transformed: T 1/3 | E 10/200 Ended | E Time: 62.154s | ~Time Left: 11809.271s |  Train Loss: 0.2573 | Train Acc. 91.3214% | Test Loss: 0.2010 | Test Acc. 92.5714%
AdamP on CRC_transformed: T 1/3 | E 11/200 Ended | E Time: 59.397s | ~Time Left: 11226.003s |  Train Loss: 0.2489 | Train Acc. 91.1714% | Test Loss: 0.3548 | Test Acc. 86.2857%
AdamP on CRC_transformed: T 1/3 | E 12/200 Ended | E Time: 60.275s | ~Time Left: 11331.664s |  Train Loss: 0.2370 | Train Acc. 91.7643% | Test Loss: 0.1818 | Test Acc. 94.4286%
AdamP on CRC_transformed: T 1/3 | E 13/200 Ended | E Time: 61.004s | ~Time Left: 11407.808s |  Train Loss: 0.2267 | Train Acc. 92.1429% | Test Loss: 0.1967 | Test Acc. 93.7143%
AdamP on CRC_transformed: T 1/3 | E 14/200 Ended | E Time: 61.590s | ~Time Left: 11455.782s |  Train Loss: 0.2188 | Train Acc. 92.6929% | Test Loss: 0.2012 | Test Acc. 93.3571%
AdamP on CRC_transformed: T 1/3 | E 15/200 Ended | E Time: 60.497s | ~Time Left: 11191.930s |  Train Loss: 0.2121 | Train Acc. 92.7643% | Test Loss: 0.1533 | Test Acc. 95.0000%
AdamP on CRC_transformed: T 1/3 | E 16/200 Ended | E Time: 60.218s | ~Time Left: 11080.126s |  Train Loss: 0.2031 | Train Acc. 92.9286% | Test Loss: 0.1545 | Test Acc. 94.0714%
AdamP on CRC_transformed: T 1/3 | E 17/200 Ended | E Time: 62.208s | ~Time Left: 11384.070s |  Train Loss: 0.2019 | Train Acc. 92.8643% | Test Loss: 0.2029 | Test Acc. 93.2143%
AdamP on CRC_transformed: T 1/3 | E 18/200 Ended | E Time: 62.706s | ~Time Left: 11412.489s |  Train Loss: 0.1928 | Train Acc. 93.4857% | Test Loss: 0.1253 | Test Acc. 96.2143%
AdamP on CRC_transformed: T 1/3 | E 19/200 Ended | E Time: 61.771s | ~Time Left: 11180.523s |  Train Loss: 0.1980 | Train Acc. 93.2714% | Test Loss: 0.2040 | Test Acc. 93.3571%
AdamP on CRC_transformed: T 1/3 | E 20/200 Ended | E Time: 60.430s | ~Time Left: 10877.464s |  Train Loss: 0.1825 | Train Acc. 93.7643% | Test Loss: 0.1553 | Test Acc. 95.1429%
AdamP on CRC_transformed: T 1/3 | E 21/200 Ended | E Time: 60.045s | ~Time Left: 10747.973s |  Train Loss: 0.1827 | Train Acc. 93.6357% | Test Loss: 0.1706 | Test Acc. 94.9286%
AdamP on CRC_transformed: T 1/3 | E 22/200 Ended | E Time: 60.542s | ~Time Left: 10776.407s |  Train Loss: 0.1793 | Train Acc. 93.8214% | Test Loss: 0.2328 | Test Acc. 92.5714%
AdamP on CRC_transformed: T 1/3 | E 23/200 Ended | E Time: 61.874s | ~Time Left: 10951.693s |  Train Loss: 0.1823 | Train Acc. 93.6357% | Test Loss: 0.1644 | Test Acc. 94.5000%
AdamP on CRC_transformed: T 1/3 | E 24/200 Ended | E Time: 60.997s | ~Time Left: 10735.544s |  Train Loss: 0.1813 | Train Acc. 93.7071% | Test Loss: 0.5463 | Test Acc. 82.5714%
AdamP on CRC_transformed: T 1/3 | E 25/200 Ended | E Time: 61.519s | ~Time Left: 10765.759s |  Train Loss: 0.1738 | Train Acc. 94.1214% | Test Loss: 0.1369 | Test Acc. 95.3571%
AdamP on CRC_transformed: T 1/3 | E 26/200 Ended | E Time: 61.401s | ~Time Left: 10683.810s |  Train Loss: 0.1705 | Train Acc. 94.2071% | Test Loss: 0.1801 | Test Acc. 94.0714%
AdamP on CRC_transformed: T 1/3 | E 27/200 Ended | E Time: 62.414s | ~Time Left: 10797.567s |  Train Loss: 0.1687 | Train Acc. 94.1143% | Test Loss: 0.1483 | Test Acc. 95.4286%
AdamP on CRC_transformed: T 1/3 | E 28/200 Ended | E Time: 60.309s | ~Time Left: 10373.134s |  Train Loss: 0.1632 | Train Acc. 94.3500% | Test Loss: 0.1253 | Test Acc. 96.2857%
AdamP on CRC_transformed: T 1/3 | E 29/200 Ended | E Time: 61.621s | ~Time Left: 10537.257s |  Train Loss: 0.1646 | Train Acc. 94.3286% | Test Loss: 0.4912 | Test Acc. 84.2143%
AdamP on CRC_transformed: T 1/3 | E 30/200 Ended | E Time: 62.404s | ~Time Left: 10608.714s |  Train Loss: 0.1626 | Train Acc. 94.3071% | Test Loss: 0.1505 | Test Acc. 95.0000%
AdamP on CRC_transformed: T 1/3 | E 31/200 Ended | E Time: 59.751s | ~Time Left: 10097.904s |  Train Loss: 0.1561 | Train Acc. 94.6286% | Test Loss: 0.1128 | Test Acc. 96.2857%
AdamP on CRC_transformed: T 1/3 | E 32/200 Ended | E Time: 60.495s | ~Time Left: 10163.085s |  Train Loss: 0.1483 | Train Acc. 94.8000% | Test Loss: 0.1695 | Test Acc. 94.7857%
AdamP on CRC_transformed: T 1/3 | E 33/200 Ended | E Time: 59.504s | ~Time Left: 9937.220s |  Train Loss: 0.1492 | Train Acc. 94.8571% | Test Loss: 0.2272 | Test Acc. 92.3571%
AdamP on CRC_transformed: T 1/3 | E 34/200 Ended | E Time: 59.717s | ~Time Left: 9913.045s |  Train Loss: 0.1516 | Train Acc. 94.7286% | Test Loss: 0.1941 | Test Acc. 92.3571%
AdamP on CRC_transformed: T 1/3 | E 35/200 Ended | E Time: 60.299s | ~Time Left: 9949.319s |  Train Loss: 0.1452 | Train Acc. 94.8143% | Test Loss: 0.1430 | Test Acc. 95.2857%
AdamP on CRC_transformed: T 1/3 | E 36/200 Ended | E Time: 59.300s | ~Time Left: 9725.265s |  Train Loss: 0.1521 | Train Acc. 94.8357% | Test Loss: 0.2913 | Test Acc. 89.2857%
AdamP on CRC_transformed: T 1/3 | E 37/200 Ended | E Time: 61.415s | ~Time Left: 10010.622s |  Train Loss: 0.1409 | Train Acc. 95.3000% | Test Loss: 0.1301 | Test Acc. 95.4286%
AdamP on CRC_transformed: T 1/3 | E 38/200 Ended | E Time: 61.833s | ~Time Left: 10017.008s |  Train Loss: 0.1457 | Train Acc. 94.9000% | Test Loss: 0.1149 | Test Acc. 95.7857%
AdamP on CRC_transformed: T 1/3 | E 39/200 Ended | E Time: 62.494s | ~Time Left: 10061.513s |  Train Loss: 0.1366 | Train Acc. 95.5000% | Test Loss: 0.1474 | Test Acc. 94.9286%
AdamP on CRC_transformed: T 1/3 | E 40/200 Ended | E Time: 60.399s | ~Time Left: 9663.897s |  Train Loss: 0.1366 | Train Acc. 95.1643% | Test Loss: 0.1037 | Test Acc. 96.7857%
AdamP on CRC_transformed: T 1/3 | E 41/200 Ended | E Time: 60.145s | ~Time Left: 9563.001s |  Train Loss: 0.1314 | Train Acc. 95.6000% | Test Loss: 0.1309 | Test Acc. 95.1429%
AdamP on CRC_transformed: T 1/3 | E 42/200 Ended | E Time: 59.520s | ~Time Left: 9404.188s |  Train Loss: 0.1315 | Train Acc. 95.3857% | Test Loss: 0.1237 | Test Acc. 96.2143%
AdamP on CRC_transformed: T 1/3 | E 43/200 Ended | E Time: 60.171s | ~Time Left: 9446.914s |  Train Loss: 0.1308 | Train Acc. 95.5286% | Test Loss: 0.1185 | Test Acc. 96.0714%
AdamP on CRC_transformed: T 1/3 | E 44/200 Ended | E Time: 61.354s | ~Time Left: 9571.231s |  Train Loss: 0.1333 | Train Acc. 95.4000% | Test Loss: 0.1329 | Test Acc. 95.6429%
AdamP on CRC_transformed: T 1/3 | E 45/200 Ended | E Time: 60.084s | ~Time Left: 9312.962s |  Train Loss: 0.1324 | Train Acc. 95.5214% | Test Loss: 0.1459 | Test Acc. 95.7143%
AdamP on CRC_transformed: T 1/3 | E 46/200 Ended | E Time: 60.054s | ~Time Left: 9248.271s |  Train Loss: 0.1301 | Train Acc. 95.4286% | Test Loss: 0.1198 | Test Acc. 96.2143%
AdamP on CRC_transformed: T 1/3 | E 47/200 Ended | E Time: 61.053s | ~Time Left: 9341.040s |  Train Loss: 0.1296 | Train Acc. 95.5286% | Test Loss: 0.0832 | Test Acc. 97.0000%
AdamP on CRC_transformed: T 1/3 | E 48/200 Ended | E Time: 59.428s | ~Time Left: 9033.007s |  Train Loss: 0.1226 | Train Acc. 95.9000% | Test Loss: 0.1032 | Test Acc. 96.7857%
AdamP on CRC_transformed: T 1/3 | E 49/200 Ended | E Time: 60.484s | ~Time Left: 9133.053s |  Train Loss: 0.1301 | Train Acc. 95.6429% | Test Loss: 0.1287 | Test Acc. 95.3571%
AdamP on CRC_transformed: T 1/3 | E 50/200 Ended | E Time: 59.911s | ~Time Left: 8986.633s |  Train Loss: 0.1268 | Train Acc. 95.6429% | Test Loss: 0.1483 | Test Acc. 95.0000%
AdamP on CRC_transformed: T 1/3 | E 51/200 Ended | E Time: 60.722s | ~Time Left: 9047.607s |  Train Loss: 0.1234 | Train Acc. 95.7500% | Test Loss: 0.1544 | Test Acc. 94.8571%
AdamP on CRC_transformed: T 1/3 | E 52/200 Ended | E Time: 60.175s | ~Time Left: 8905.866s |  Train Loss: 0.1258 | Train Acc. 95.6214% | Test Loss: 0.1609 | Test Acc. 94.5000%
AdamP on CRC_transformed: T 1/3 | E 53/200 Ended | E Time: 60.125s | ~Time Left: 8838.363s |  Train Loss: 0.1162 | Train Acc. 96.1571% | Test Loss: 0.1021 | Test Acc. 96.6429%
AdamP on CRC_transformed: T 1/3 | E 54/200 Ended | E Time: 60.264s | ~Time Left: 8798.592s |  Train Loss: 0.1159 | Train Acc. 96.0643% | Test Loss: 0.2872 | Test Acc. 89.5000%
Traceback (most recent call last):
  File "src/adas/train.py", line 871, in <module>
    main(args)
  File "src/adas/train.py", line 834, in main
    main_worker(args.gpu, ngpus_per_node, args)
  File "src/adas/train.py", line 863, in main_worker
    training_agent.train()
  File "src/adas/train.py", line 411, in train
    self.run_epochs(trial, epochs)
  File "src/adas/train.py", line 443, in run_epochs
    df.to_excel(self.output_filename)
  File "/project/6060173/zhan8425/HistoKT/ENV/lib/python3.8/site-packages/pandas/core/generic.py", line 2189, in to_excel
    formatter.write(
  File "/project/6060173/zhan8425/HistoKT/ENV/lib/python3.8/site-packages/pandas/io/formats/excel.py", line 831, in write
    writer.close()
  File "/project/6060173/zhan8425/HistoKT/ENV/lib/python3.8/site-packages/pandas/io/excel/_base.py", line 898, in close
    content = self.save()
  File "/project/6060173/zhan8425/HistoKT/ENV/lib/python3.8/site-packages/pandas/io/excel/_openpyxl.py", line 54, in save
    self.book.save(self.handles.handle)
  File "/project/6060173/zhan8425/HistoKT/ENV/lib/python3.8/site-packages/openpyxl/workbook/workbook.py", line 407, in save
    save_workbook(self, filename)
  File "/project/6060173/zhan8425/HistoKT/ENV/lib/python3.8/site-packages/openpyxl/writer/excel.py", line 293, in save_workbook
    writer.save()
  File "/project/6060173/zhan8425/HistoKT/ENV/lib/python3.8/site-packages/openpyxl/writer/excel.py", line 275, in save
    self.write_data()
  File "/project/6060173/zhan8425/HistoKT/ENV/lib/python3.8/site-packages/openpyxl/writer/excel.py", line 67, in write_data
    archive.writestr(ARC_APP, tostring(props.to_tree()))
  File "/cvmfs/soft.computecanada.ca/easybuild/software/2020/avx2/Core/python/3.8.2/lib/python3.8/zipfile.py", line 1817, in writestr
    dest.write(data)
  File "/cvmfs/soft.computecanada.ca/easybuild/software/2020/avx2/Core/python/3.8.2/lib/python3.8/zipfile.py", line 1180, in close
    self._fileobj.seek(self._zinfo.header_offset)
OSError: [Errno 122] Disk quota exceeded
Exception ignored in: <function ZipFile.__del__ at 0x2ab3abd663a0>
Traceback (most recent call last):
  File "/cvmfs/soft.computecanada.ca/easybuild/software/2020/avx2/Core/python/3.8.2/lib/python3.8/zipfile.py", line 1821, in __del__
    self.close()
  File "/cvmfs/soft.computecanada.ca/easybuild/software/2020/avx2/Core/python/3.8.2/lib/python3.8/zipfile.py", line 1838, in close
    self.fp.seek(self.start_dir)
OSError: [Errno 122] Disk quota exceeded
Adas: Argument Parser Options
---------------------------------------------
    config              : PostTrainingConfigs/CRC_transformed_testing/AdamP/lr-0.0005-config-AdamP.yaml
    data                : /localscratch/zhan8425.6958613.0        
    output              : ADP_post_trained/CRC_transformed/AdamP/output/deep_tuning
    checkpoint          : ADP_post_trained/CRC_transformed/AdamP/checkpoint/deep_tuning/lr-0.0005
    resume              : None                                    
    pretrained_model    : /home/zhan8425/projects/def-plato/zhan8425/HistoKT/.Adas-checkpoint/ADP/best_trial_2.pth.tar
    freeze_encoder      : 0                                       
    root                : .                                       
    save_freq           : 25                                      
    cpu                 : 0                                       
    gpu                 : 0                                       
    mpd                 : 0                                       
    dist_url            : tcp://127.0.0.1:23456                   
    dist_backend        : nccl                                    
    world_size          : -1                                      
    rank                : -1                                      
---------------------------------------------
Adas: Notice: early stop will not be used as it was set to -1.0, training till completion
Adas: Experiment Configuration
---------------------------------------------
    dataset              CRC_transformed     
    network              ResNet18            
    optimizer            AdamP               
    scheduler            None                
    level                L3Only              
    color_kwargs         {'augmentation': 'Color-Distortion', 'distortion': 0.3}
    degree_of_rotation   45                  
    vertical_flipping    0.5                 
    horizontal_flipping  0.5                 
    horizontal_shift     0.1                 
    vertical_shift       0.1                 
    gaussian_blur        0                   
    kernel_size          9                   
    variance             0.1                 
    cutout               0                   
    n_holes              1                   
    cutout_length        16                  
    init_lr              0.0005              
    early_stop_threshold -1.0                
    optimizer_kwargs     {'weight_decay': 0.0005}
    scheduler_kwargs     {'gamma': 0.5, 'step_size': 20.0}
    p                    1                   
    start_trial          0                   
    n_trials             3                   
    num_workers          4                   
    max_epochs           200                 
    mini_batch_size      32                  
    loss                 cross_entropy       
    early_stop_patience  10                  
---------------------------------------------
Adas: Pytorch device is set to cuda
AdamP on CRC_transformed: T 1/3 | E 1/200 Ended | E Time: 62.615s | ~Time Left: 12460.296s |  Train Loss: 1.0052 | Train Acc. 61.4643% | Test Loss: 0.9728 | Test Acc. 66.0714%
Traceback (most recent call last):
  File "/project/6060173/zhan8425/HistoKT/ENV/lib/python3.8/site-packages/torch/serialization.py", line 372, in save
    _save(obj, opened_zipfile, pickle_module, pickle_protocol)
  File "/project/6060173/zhan8425/HistoKT/ENV/lib/python3.8/site-packages/torch/serialization.py", line 491, in _save
    zip_file.write_record(name, storage.data_ptr(), num_bytes)
OSError: [Errno 122] Disk quota exceeded

During handling of the above exception, another exception occurred:

Traceback (most recent call last):
  File "src/adas/train.py", line 871, in <module>
    main(args)
  File "src/adas/train.py", line 834, in main
    main_worker(args.gpu, ngpus_per_node, args)
  File "src/adas/train.py", line 863, in main_worker
    training_agent.train()
  File "src/adas/train.py", line 411, in train
    self.run_epochs(trial, epochs)
  File "src/adas/train.py", line 462, in run_epochs
    torch.save(data, str(self.checkpoint_path / filename))
  File "/project/6060173/zhan8425/HistoKT/ENV/lib/python3.8/site-packages/torch/serialization.py", line 373, in save
    return
  File "/project/6060173/zhan8425/HistoKT/ENV/lib/python3.8/site-packages/torch/serialization.py", line 259, in __exit__
    self.file_like.write_end_of_file()
RuntimeError: [enforce fail at inline_container.cc:274] . unexpected pos 38478400 vs 38478288
terminate called after throwing an instance of 'c10::Error'
  what():  [enforce fail at inline_container.cc:274] . unexpected pos 38478400 vs 38478288
frame #0: c10::ThrowEnforceNotMet(char const*, int, char const*, std::string const&, void const*) + 0x47 (0x2b56cde930e7 in /project/6060173/zhan8425/HistoKT/ENV/lib/python3.8/site-packages/torch/lib/libc10.so)
frame #1: <unknown function> + 0x206a420 (0x2b567e027420 in /project/6060173/zhan8425/HistoKT/ENV/lib/python3.8/site-packages/torch/lib/libtorch_cpu.so)
frame #2: <unknown function> + 0x20665f3 (0x2b567e0235f3 in /project/6060173/zhan8425/HistoKT/ENV/lib/python3.8/site-packages/torch/lib/libtorch_cpu.so)
frame #3: caffe2::serialize::PyTorchStreamWriter::writeRecord(std::string const&, void const*, unsigned long, bool) + 0xa9 (0x2b567e027d99 in /project/6060173/zhan8425/HistoKT/ENV/lib/python3.8/site-packages/torch/lib/libtorch_cpu.so)
frame #4: caffe2::serialize::PyTorchStreamWriter::writeEndOfFile() + 0xe1 (0x2b567e0288d1 in /project/6060173/zhan8425/HistoKT/ENV/lib/python3.8/site-packages/torch/lib/libtorch_cpu.so)
frame #5: caffe2::serialize::PyTorchStreamWriter::~PyTorchStreamWriter() + 0x115 (0x2b567e0290c5 in /project/6060173/zhan8425/HistoKT/ENV/lib/python3.8/site-packages/torch/lib/libtorch_cpu.so)
frame #6: <unknown function> + 0x737903 (0x2b567aef4903 in /project/6060173/zhan8425/HistoKT/ENV/lib/python3.8/site-packages/torch/lib/libtorch_python.so)
frame #7: <unknown function> + 0x369b90 (0x2b567ab26b90 in /project/6060173/zhan8425/HistoKT/ENV/lib/python3.8/site-packages/torch/lib/libtorch_python.so)
frame #8: <unknown function> + 0x36adfe (0x2b567ab27dfe in /project/6060173/zhan8425/HistoKT/ENV/lib/python3.8/site-packages/torch/lib/libtorch_python.so)
<omitting python frames>
frame #22: __libc_start_main + 0xeb (0x2b567840ce1b in /cvmfs/soft.computecanada.ca/gentoo/2020/lib64/libc.so.6)

/var/spool/slurmd/job6958613/slurm_script: line 31: 235871 Aborted                 (core dumped) python src/adas/train.py --config PostTrainingConfigs/CRC_transformed_testing/AdamP/lr-0.0005-config-AdamP.yaml --output ADP_post_trained/CRC_transformed/AdamP/output/deep_tuning --checkpoint ADP_post_trained/CRC_transformed/AdamP/checkpoint/deep_tuning/lr-0.0005 --data $SLURM_TMPDIR --pretrained_model /home/zhan8425/projects/def-plato/zhan8425/HistoKT/.Adas-checkpoint/ADP/best_trial_2.pth.tar --freeze_encoder False
