transferring data
Sun Jul  4 20:15:18 PDT 2021

Finished transferring
Sun Jul  4 20:15:22 PDT 2021

Adas: Argument Parser Options
---------------------------------------------
    config              : PostTrainingConfigs/CRC_transformed_testing/AdamP/lr-0.001-config-AdamP.yaml
    data                : /localscratch/zhan8425.6958611.0        
    output              : ADP_post_trained/CRC_transformed/AdamP/output/fine_tuning
    checkpoint          : ADP_post_trained/CRC_transformed/AdamP/checkpoint/fine_tuning/lr-0.001
    resume              : None                                    
    pretrained_model    : /home/zhan8425/projects/def-plato/zhan8425/HistoKT/.Adas-checkpoint/ADP/best_trial_2.pth.tar
    freeze_encoder      : 1                                       
    root                : .                                       
    save_freq           : 25                                      
    cpu                 : 0                                       
    gpu                 : 0                                       
    mpd                 : 0                                       
    dist_url            : tcp://127.0.0.1:23456                   
    dist_backend        : nccl                                    
    world_size          : -1                                      
    rank                : -1                                      
---------------------------------------------
Adas: Notice: early stop will not be used as it was set to -1.0, training till completion
Adas: Experiment Configuration
---------------------------------------------
    dataset              CRC_transformed     
    network              ResNet18            
    optimizer            AdamP               
    scheduler            None                
    level                L3Only              
    color_kwargs         {'augmentation': 'Color-Distortion', 'distortion': 0.3}
    degree_of_rotation   45                  
    vertical_flipping    0.5                 
    horizontal_flipping  0.5                 
    horizontal_shift     0.1                 
    vertical_shift       0.1                 
    gaussian_blur        0                   
    kernel_size          9                   
    variance             0.1                 
    cutout               0                   
    n_holes              1                   
    cutout_length        16                  
    init_lr              0.001               
    early_stop_threshold -1.0                
    optimizer_kwargs     {'weight_decay': 0.0005}
    scheduler_kwargs     {'gamma': 0.5, 'step_size': 20.0}
    p                    1                   
    start_trial          0                   
    n_trials             3                   
    num_workers          4                   
    max_epochs           200                 
    mini_batch_size      32                  
    loss                 cross_entropy       
    early_stop_patience  10                  
---------------------------------------------
Adas: Pytorch device is set to cuda
AdamP on CRC_transformed: T 1/3 | E 1/200 Ended | E Time: 62.037s | ~Time Left: 12345.312s |  Train Loss: 1.0719 | Train Acc. 57.3714% | Test Loss: 0.8782 | Test Acc. 66.0714%
AdamP on CRC_transformed: T 1/3 | E 2/200 Ended | E Time: 59.415s | ~Time Left: 11764.114s |  Train Loss: 0.8526 | Train Acc. 67.7429% | Test Loss: 1.9243 | Test Acc. 57.6429%
AdamP on CRC_transformed: T 1/3 | E 3/200 Ended | E Time: 59.246s | ~Time Left: 11671.427s |  Train Loss: 0.7547 | Train Acc. 72.0214% | Test Loss: 0.9810 | Test Acc. 65.7143%
AdamP on CRC_transformed: T 1/3 | E 4/200 Ended | E Time: 59.483s | ~Time Left: 11658.754s |  Train Loss: 0.6488 | Train Acc. 76.3357% | Test Loss: 0.6255 | Test Acc. 79.5000%
AdamP on CRC_transformed: T 1/3 | E 5/200 Ended | E Time: 59.326s | ~Time Left: 11568.521s |  Train Loss: 0.6180 | Train Acc. 77.7143% | Test Loss: 0.6403 | Test Acc. 76.7143%
AdamP on CRC_transformed: T 1/3 | E 6/200 Ended | E Time: 59.814s | ~Time Left: 11603.980s |  Train Loss: 0.5164 | Train Acc. 81.7143% | Test Loss: 0.5985 | Test Acc. 79.5000%
AdamP on CRC_transformed: T 1/3 | E 7/200 Ended | E Time: 59.532s | ~Time Left: 11489.737s |  Train Loss: 0.4660 | Train Acc. 83.8357% | Test Loss: 0.5252 | Test Acc. 83.0714%
AdamP on CRC_transformed: T 1/3 | E 8/200 Ended | E Time: 59.676s | ~Time Left: 11457.849s |  Train Loss: 0.4096 | Train Acc. 85.6571% | Test Loss: 0.6119 | Test Acc. 78.2857%
AdamP on CRC_transformed: T 1/3 | E 9/200 Ended | E Time: 60.388s | ~Time Left: 11534.052s |  Train Loss: 0.3716 | Train Acc. 86.5000% | Test Loss: 0.3171 | Test Acc. 88.7143%
AdamP on CRC_transformed: T 1/3 | E 10/200 Ended | E Time: 60.018s | ~Time Left: 11403.338s |  Train Loss: 0.3537 | Train Acc. 87.7286% | Test Loss: 0.3371 | Test Acc. 89.0000%
AdamP on CRC_transformed: T 1/3 | E 11/200 Ended | E Time: 59.777s | ~Time Left: 11297.924s |  Train Loss: 0.3423 | Train Acc. 87.8143% | Test Loss: 0.8556 | Test Acc. 72.0714%
AdamP on CRC_transformed: T 1/3 | E 12/200 Ended | E Time: 59.638s | ~Time Left: 11211.986s |  Train Loss: 0.3167 | Train Acc. 88.6000% | Test Loss: 0.3435 | Test Acc. 88.2857%
AdamP on CRC_transformed: T 1/3 | E 13/200 Ended | E Time: 59.784s | ~Time Left: 11179.630s |  Train Loss: 0.3104 | Train Acc. 89.1143% | Test Loss: 0.2778 | Test Acc. 90.5000%
AdamP on CRC_transformed: T 1/3 | E 14/200 Ended | E Time: 59.900s | ~Time Left: 11141.474s |  Train Loss: 0.2934 | Train Acc. 89.8857% | Test Loss: 0.3495 | Test Acc. 88.5714%
AdamP on CRC_transformed: T 1/3 | E 15/200 Ended | E Time: 59.722s | ~Time Left: 11048.511s |  Train Loss: 0.2789 | Train Acc. 90.4643% | Test Loss: 0.2364 | Test Acc. 91.9286%
AdamP on CRC_transformed: T 1/3 | E 16/200 Ended | E Time: 59.644s | ~Time Left: 10974.513s |  Train Loss: 0.2735 | Train Acc. 90.6214% | Test Loss: 0.3008 | Test Acc. 89.0714%
AdamP on CRC_transformed: T 1/3 | E 17/200 Ended | E Time: 59.761s | ~Time Left: 10936.290s |  Train Loss: 0.2692 | Train Acc. 90.7571% | Test Loss: 0.3357 | Test Acc. 88.9286%
AdamP on CRC_transformed: T 1/3 | E 18/200 Ended | E Time: 59.879s | ~Time Left: 10898.049s |  Train Loss: 0.2539 | Train Acc. 91.3214% | Test Loss: 0.2387 | Test Acc. 91.2143%
AdamP on CRC_transformed: T 1/3 | E 19/200 Ended | E Time: 59.956s | ~Time Left: 10851.990s |  Train Loss: 0.2722 | Train Acc. 91.1071% | Test Loss: 0.2490 | Test Acc. 91.7143%
AdamP on CRC_transformed: T 1/3 | E 20/200 Ended | E Time: 59.851s | ~Time Left: 10773.170s |  Train Loss: 0.2431 | Train Acc. 91.7357% | Test Loss: 0.2927 | Test Acc. 88.5000%
AdamP on CRC_transformed: T 1/3 | E 21/200 Ended | E Time: 59.600s | ~Time Left: 10668.404s |  Train Loss: 0.2370 | Train Acc. 91.9429% | Test Loss: 0.1690 | Test Acc. 94.7143%
AdamP on CRC_transformed: T 1/3 | E 22/200 Ended | E Time: 60.067s | ~Time Left: 10691.988s |  Train Loss: 0.2350 | Train Acc. 91.7929% | Test Loss: 0.2184 | Test Acc. 92.3571%
AdamP on CRC_transformed: T 1/3 | E 23/200 Ended | E Time: 61.249s | ~Time Left: 10841.083s |  Train Loss: 0.2374 | Train Acc. 92.1143% | Test Loss: 0.2125 | Test Acc. 92.7857%
AdamP on CRC_transformed: T 1/3 | E 24/200 Ended | E Time: 59.744s | ~Time Left: 10514.910s |  Train Loss: 0.2217 | Train Acc. 92.4643% | Test Loss: 0.2555 | Test Acc. 91.0000%
AdamP on CRC_transformed: T 1/3 | E 25/200 Ended | E Time: 59.939s | ~Time Left: 10489.381s |  Train Loss: 0.2132 | Train Acc. 92.6857% | Test Loss: 0.2285 | Test Acc. 92.3571%
AdamP on CRC_transformed: T 1/3 | E 26/200 Ended | E Time: 59.927s | ~Time Left: 10427.333s |  Train Loss: 0.2306 | Train Acc. 91.8929% | Test Loss: 0.1924 | Test Acc. 94.1429%
AdamP on CRC_transformed: T 1/3 | E 27/200 Ended | E Time: 59.474s | ~Time Left: 10289.086s |  Train Loss: 0.2129 | Train Acc. 92.6571% | Test Loss: 0.6456 | Test Acc. 82.9286%
AdamP on CRC_transformed: T 1/3 | E 28/200 Ended | E Time: 59.608s | ~Time Left: 10252.648s |  Train Loss: 0.2136 | Train Acc. 92.8286% | Test Loss: 0.2098 | Test Acc. 93.6429%
AdamP on CRC_transformed: T 1/3 | E 29/200 Ended | E Time: 59.999s | ~Time Left: 10259.810s |  Train Loss: 0.2091 | Train Acc. 92.8500% | Test Loss: 0.1983 | Test Acc. 93.2857%
AdamP on CRC_transformed: T 1/3 | E 30/200 Ended | E Time: 60.156s | ~Time Left: 10226.587s |  Train Loss: 0.2378 | Train Acc. 91.9857% | Test Loss: 0.2041 | Test Acc. 93.4286%
AdamP on CRC_transformed: T 1/3 | E 31/200 Ended | E Time: 59.773s | ~Time Left: 10101.676s |  Train Loss: 0.2024 | Train Acc. 92.8429% | Test Loss: 0.2289 | Test Acc. 91.9286%
AdamP on CRC_transformed: T 1/3 | E 32/200 Ended | E Time: 60.330s | ~Time Left: 10135.454s |  Train Loss: 0.1940 | Train Acc. 93.2357% | Test Loss: 0.2125 | Test Acc. 92.0714%
AdamP on CRC_transformed: T 1/3 | E 33/200 Ended | E Time: 59.270s | ~Time Left: 9898.159s |  Train Loss: 0.2164 | Train Acc. 92.5714% | Test Loss: 0.2350 | Test Acc. 92.3571%
AdamP on CRC_transformed: T 1/3 | E 34/200 Ended | E Time: 59.756s | ~Time Left: 9919.429s |  Train Loss: 0.1947 | Train Acc. 93.3214% | Test Loss: 0.1678 | Test Acc. 94.5000%
AdamP on CRC_transformed: T 1/3 | E 35/200 Ended | E Time: 60.003s | ~Time Left: 9900.508s |  Train Loss: 0.2010 | Train Acc. 93.2286% | Test Loss: 0.1925 | Test Acc. 93.3571%
AdamP on CRC_transformed: T 1/3 | E 36/200 Ended | E Time: 59.495s | ~Time Left: 9757.101s |  Train Loss: 0.1965 | Train Acc. 93.2357% | Test Loss: 0.2029 | Test Acc. 93.1429%
AdamP on CRC_transformed: T 1/3 | E 37/200 Ended | E Time: 59.983s | ~Time Left: 9777.311s |  Train Loss: 0.1795 | Train Acc. 93.7857% | Test Loss: 0.1570 | Test Acc. 94.6429%
AdamP on CRC_transformed: T 1/3 | E 38/200 Ended | E Time: 60.155s | ~Time Left: 9745.188s |  Train Loss: 0.1971 | Train Acc. 93.2714% | Test Loss: 0.1647 | Test Acc. 94.2143%
AdamP on CRC_transformed: T 1/3 | E 39/200 Ended | E Time: 59.927s | ~Time Left: 9648.294s |  Train Loss: 0.1878 | Train Acc. 93.5071% | Test Loss: 0.1872 | Test Acc. 93.7143%
AdamP on CRC_transformed: T 1/3 | E 40/200 Ended | E Time: 59.631s | ~Time Left: 9541.004s |  Train Loss: 0.1864 | Train Acc. 93.7571% | Test Loss: 0.1440 | Test Acc. 95.3571%
AdamP on CRC_transformed: T 1/3 | E 41/200 Ended | E Time: 60.157s | ~Time Left: 9564.937s |  Train Loss: 0.1793 | Train Acc. 93.9000% | Test Loss: 0.2212 | Test Acc. 93.3571%
AdamP on CRC_transformed: T 1/3 | E 42/200 Ended | E Time: 59.845s | ~Time Left: 9455.509s |  Train Loss: 0.1893 | Train Acc. 93.6357% | Test Loss: 0.1492 | Test Acc. 95.3571%
AdamP on CRC_transformed: T 1/3 | E 43/200 Ended | E Time: 59.477s | ~Time Left: 9337.944s |  Train Loss: 0.1760 | Train Acc. 94.1571% | Test Loss: 0.1628 | Test Acc. 94.3571%
AdamP on CRC_transformed: T 1/3 | E 44/200 Ended | E Time: 60.115s | ~Time Left: 9378.010s |  Train Loss: 0.1646 | Train Acc. 94.4429% | Test Loss: 0.1654 | Test Acc. 94.9286%
AdamP on CRC_transformed: T 1/3 | E 45/200 Ended | E Time: 58.950s | ~Time Left: 9137.229s |  Train Loss: 0.1765 | Train Acc. 93.8286% | Test Loss: 0.1801 | Test Acc. 93.7857%
AdamP on CRC_transformed: T 1/3 | E 46/200 Ended | E Time: 58.812s | ~Time Left: 9057.084s |  Train Loss: 0.1722 | Train Acc. 94.2357% | Test Loss: 0.1451 | Test Acc. 94.9286%
AdamP on CRC_transformed: T 1/3 | E 47/200 Ended | E Time: 59.739s | ~Time Left: 9140.116s |  Train Loss: 0.1631 | Train Acc. 94.3429% | Test Loss: 0.3773 | Test Acc. 90.5000%
AdamP on CRC_transformed: T 1/3 | E 48/200 Ended | E Time: 58.912s | ~Time Left: 8954.693s |  Train Loss: 0.1610 | Train Acc. 94.5357% | Test Loss: 0.2120 | Test Acc. 92.3571%
AdamP on CRC_transformed: T 1/3 | E 49/200 Ended | E Time: 60.046s | ~Time Left: 9066.885s |  Train Loss: 0.1603 | Train Acc. 94.5929% | Test Loss: 0.2964 | Test Acc. 90.5714%
AdamP on CRC_transformed: T 1/3 | E 50/200 Ended | E Time: 59.182s | ~Time Left: 8877.313s |  Train Loss: 0.1619 | Train Acc. 94.6000% | Test Loss: 0.1924 | Test Acc. 93.7857%
AdamP on CRC_transformed: T 1/3 | E 51/200 Ended | E Time: 59.091s | ~Time Left: 8804.546s |  Train Loss: 0.1537 | Train Acc. 94.9071% | Test Loss: 0.1305 | Test Acc. 95.5000%
AdamP on CRC_transformed: T 1/3 | E 52/200 Ended | E Time: 59.519s | ~Time Left: 8808.822s |  Train Loss: 0.1598 | Train Acc. 94.5429% | Test Loss: 0.3037 | Test Acc. 90.9286%
AdamP on CRC_transformed: T 1/3 | E 53/200 Ended | E Time: 59.272s | ~Time Left: 8712.919s |  Train Loss: 0.1482 | Train Acc. 95.0000% | Test Loss: 0.1247 | Test Acc. 95.8571%
Traceback (most recent call last):
  File "/project/6060173/zhan8425/HistoKT/ENV/lib/python3.8/site-packages/torch/serialization.py", line 372, in save
    _save(obj, opened_zipfile, pickle_module, pickle_protocol)
  File "/project/6060173/zhan8425/HistoKT/ENV/lib/python3.8/site-packages/torch/serialization.py", line 491, in _save
    zip_file.write_record(name, storage.data_ptr(), num_bytes)
OSError: [Errno 122] Disk quota exceeded

During handling of the above exception, another exception occurred:

Traceback (most recent call last):
  File "src/adas/train.py", line 871, in <module>
    main(args)
  File "src/adas/train.py", line 834, in main
    main_worker(args.gpu, ngpus_per_node, args)
  File "src/adas/train.py", line 863, in main_worker
    training_agent.train()
  File "src/adas/train.py", line 411, in train
    self.run_epochs(trial, epochs)
  File "src/adas/train.py", line 466, in run_epochs
    torch.save(
  File "/project/6060173/zhan8425/HistoKT/ENV/lib/python3.8/site-packages/torch/serialization.py", line 373, in save
    return
  File "/project/6060173/zhan8425/HistoKT/ENV/lib/python3.8/site-packages/torch/serialization.py", line 259, in __exit__
    self.file_like.write_end_of_file()
RuntimeError: [enforce fail at inline_container.cc:274] . unexpected pos 10832064 vs 10831952
terminate called after throwing an instance of 'c10::Error'
  what():  [enforce fail at inline_container.cc:274] . unexpected pos 10832064 vs 10831952
frame #0: c10::ThrowEnforceNotMet(char const*, int, char const*, std::string const&, void const*) + 0x47 (0x2ad9a99ef0e7 in /project/6060173/zhan8425/HistoKT/ENV/lib/python3.8/site-packages/torch/lib/libc10.so)
frame #1: <unknown function> + 0x206a420 (0x2ad959b83420 in /project/6060173/zhan8425/HistoKT/ENV/lib/python3.8/site-packages/torch/lib/libtorch_cpu.so)
frame #2: <unknown function> + 0x20665f3 (0x2ad959b7f5f3 in /project/6060173/zhan8425/HistoKT/ENV/lib/python3.8/site-packages/torch/lib/libtorch_cpu.so)
frame #3: caffe2::serialize::PyTorchStreamWriter::writeRecord(std::string const&, void const*, unsigned long, bool) + 0xa9 (0x2ad959b83d99 in /project/6060173/zhan8425/HistoKT/ENV/lib/python3.8/site-packages/torch/lib/libtorch_cpu.so)
frame #4: caffe2::serialize::PyTorchStreamWriter::writeEndOfFile() + 0xe1 (0x2ad959b848d1 in /project/6060173/zhan8425/HistoKT/ENV/lib/python3.8/site-packages/torch/lib/libtorch_cpu.so)
frame #5: caffe2::serialize::PyTorchStreamWriter::~PyTorchStreamWriter() + 0x115 (0x2ad959b850c5 in /project/6060173/zhan8425/HistoKT/ENV/lib/python3.8/site-packages/torch/lib/libtorch_cpu.so)
frame #6: <unknown function> + 0x737903 (0x2ad956a50903 in /project/6060173/zhan8425/HistoKT/ENV/lib/python3.8/site-packages/torch/lib/libtorch_python.so)
frame #7: <unknown function> + 0x369b90 (0x2ad956682b90 in /project/6060173/zhan8425/HistoKT/ENV/lib/python3.8/site-packages/torch/lib/libtorch_python.so)
frame #8: <unknown function> + 0x36adfe (0x2ad956683dfe in /project/6060173/zhan8425/HistoKT/ENV/lib/python3.8/site-packages/torch/lib/libtorch_python.so)
<omitting python frames>
frame #22: __libc_start_main + 0xeb (0x2ad953f68e1b in /cvmfs/soft.computecanada.ca/gentoo/2020/lib64/libc.so.6)

/var/spool/slurmd/job6958611/slurm_script: line 30: 54816 Aborted                 (core dumped) python src/adas/train.py --config PostTrainingConfigs/CRC_transformed_testing/AdamP/lr-0.001-config-AdamP.yaml --output ADP_post_trained/CRC_transformed/AdamP/output/fine_tuning --checkpoint ADP_post_trained/CRC_transformed/AdamP/checkpoint/fine_tuning/lr-0.001 --data $SLURM_TMPDIR --pretrained_model /home/zhan8425/projects/def-plato/zhan8425/HistoKT/.Adas-checkpoint/ADP/best_trial_2.pth.tar --freeze_encoder True
Adas: Argument Parser Options
---------------------------------------------
    config              : PostTrainingConfigs/CRC_transformed_testing/AdamP/lr-0.001-config-AdamP.yaml
    data                : /localscratch/zhan8425.6958611.0        
    output              : ADP_post_trained/CRC_transformed/AdamP/output/deep_tuning
    checkpoint          : ADP_post_trained/CRC_transformed/AdamP/checkpoint/deep_tuning/lr-0.001
    resume              : None                                    
    pretrained_model    : /home/zhan8425/projects/def-plato/zhan8425/HistoKT/.Adas-checkpoint/ADP/best_trial_2.pth.tar
    freeze_encoder      : 0                                       
    root                : .                                       
    save_freq           : 25                                      
    cpu                 : 0                                       
    gpu                 : 0                                       
    mpd                 : 0                                       
    dist_url            : tcp://127.0.0.1:23456                   
    dist_backend        : nccl                                    
    world_size          : -1                                      
    rank                : -1                                      
---------------------------------------------
Adas: Output dir ADP_post_trained/CRC_transformed/AdamP/output/deep_tuning does not exist, building
Adas: Notice: early stop will not be used as it was set to -1.0, training till completion
Adas: Experiment Configuration
---------------------------------------------
    dataset              CRC_transformed     
    network              ResNet18            
    optimizer            AdamP               
    scheduler            None                
    level                L3Only              
    color_kwargs         {'augmentation': 'Color-Distortion', 'distortion': 0.3}
    degree_of_rotation   45                  
    vertical_flipping    0.5                 
    horizontal_flipping  0.5                 
    horizontal_shift     0.1                 
    vertical_shift       0.1                 
    gaussian_blur        0                   
    kernel_size          9                   
    variance             0.1                 
    cutout               0                   
    n_holes              1                   
    cutout_length        16                  
    init_lr              0.001               
    early_stop_threshold -1.0                
    optimizer_kwargs     {'weight_decay': 0.0005}
    scheduler_kwargs     {'gamma': 0.5, 'step_size': 20.0}
    p                    1                   
    start_trial          0                   
    n_trials             3                   
    num_workers          4                   
    max_epochs           200                 
    mini_batch_size      32                  
    loss                 cross_entropy       
    early_stop_patience  10                  
---------------------------------------------
Adas: Pytorch device is set to cuda
AdamP on CRC_transformed: T 1/3 | E 1/200 Ended | E Time: 61.300s | ~Time Left: 12198.762s |  Train Loss: 1.0488 | Train Acc. 58.6929% | Test Loss: 0.9489 | Test Acc. 62.2857%
Traceback (most recent call last):
  File "/project/6060173/zhan8425/HistoKT/ENV/lib/python3.8/site-packages/torch/serialization.py", line 372, in save
    _save(obj, opened_zipfile, pickle_module, pickle_protocol)
  File "/project/6060173/zhan8425/HistoKT/ENV/lib/python3.8/site-packages/torch/serialization.py", line 491, in _save
    zip_file.write_record(name, storage.data_ptr(), num_bytes)
OSError: [Errno 122] Disk quota exceeded

During handling of the above exception, another exception occurred:

Traceback (most recent call last):
  File "src/adas/train.py", line 871, in <module>
    main(args)
  File "src/adas/train.py", line 834, in main
    main_worker(args.gpu, ngpus_per_node, args)
  File "src/adas/train.py", line 863, in main_worker
    training_agent.train()
  File "src/adas/train.py", line 411, in train
    self.run_epochs(trial, epochs)
  File "src/adas/train.py", line 466, in run_epochs
    torch.save(
  File "/project/6060173/zhan8425/HistoKT/ENV/lib/python3.8/site-packages/torch/serialization.py", line 373, in save
    return
  File "/project/6060173/zhan8425/HistoKT/ENV/lib/python3.8/site-packages/torch/serialization.py", line 259, in __exit__
    self.file_like.write_end_of_file()
RuntimeError: [enforce fail at inline_container.cc:274] . unexpected pos 105308160 vs 105308048
terminate called after throwing an instance of 'c10::Error'
  what():  [enforce fail at inline_container.cc:274] . unexpected pos 105308160 vs 105308048
frame #0: c10::ThrowEnforceNotMet(char const*, int, char const*, std::string const&, void const*) + 0x47 (0x2b2323ec60e7 in /project/6060173/zhan8425/HistoKT/ENV/lib/python3.8/site-packages/torch/lib/libc10.so)
frame #1: <unknown function> + 0x206a420 (0x2b22d405a420 in /project/6060173/zhan8425/HistoKT/ENV/lib/python3.8/site-packages/torch/lib/libtorch_cpu.so)
frame #2: <unknown function> + 0x20665f3 (0x2b22d40565f3 in /project/6060173/zhan8425/HistoKT/ENV/lib/python3.8/site-packages/torch/lib/libtorch_cpu.so)
frame #3: caffe2::serialize::PyTorchStreamWriter::writeRecord(std::string const&, void const*, unsigned long, bool) + 0xa9 (0x2b22d405ad99 in /project/6060173/zhan8425/HistoKT/ENV/lib/python3.8/site-packages/torch/lib/libtorch_cpu.so)
frame #4: caffe2::serialize::PyTorchStreamWriter::writeEndOfFile() + 0xe1 (0x2b22d405b8d1 in /project/6060173/zhan8425/HistoKT/ENV/lib/python3.8/site-packages/torch/lib/libtorch_cpu.so)
frame #5: caffe2::serialize::PyTorchStreamWriter::~PyTorchStreamWriter() + 0x115 (0x2b22d405c0c5 in /project/6060173/zhan8425/HistoKT/ENV/lib/python3.8/site-packages/torch/lib/libtorch_cpu.so)
frame #6: <unknown function> + 0x737903 (0x2b22d0f27903 in /project/6060173/zhan8425/HistoKT/ENV/lib/python3.8/site-packages/torch/lib/libtorch_python.so)
frame #7: <unknown function> + 0x369b90 (0x2b22d0b59b90 in /project/6060173/zhan8425/HistoKT/ENV/lib/python3.8/site-packages/torch/lib/libtorch_python.so)
frame #8: <unknown function> + 0x36adfe (0x2b22d0b5adfe in /project/6060173/zhan8425/HistoKT/ENV/lib/python3.8/site-packages/torch/lib/libtorch_python.so)
<omitting python frames>
frame #22: __libc_start_main + 0xeb (0x2b22ce43fe1b in /cvmfs/soft.computecanada.ca/gentoo/2020/lib64/libc.so.6)

/var/spool/slurmd/job6958611/slurm_script: line 31: 74436 Aborted                 (core dumped) python src/adas/train.py --config PostTrainingConfigs/CRC_transformed_testing/AdamP/lr-0.001-config-AdamP.yaml --output ADP_post_trained/CRC_transformed/AdamP/output/deep_tuning --checkpoint ADP_post_trained/CRC_transformed/AdamP/checkpoint/deep_tuning/lr-0.001 --data $SLURM_TMPDIR --pretrained_model /home/zhan8425/projects/def-plato/zhan8425/HistoKT/.Adas-checkpoint/ADP/best_trial_2.pth.tar --freeze_encoder False
