transferring data
Sun Jul  4 20:29:39 PDT 2021

Finished transferring
Sun Jul  4 20:29:40 PDT 2021

Adas: Argument Parser Options
---------------------------------------------
    config              : PostTrainingConfigs/PCam_transformed_testing/AdamP/lr-0.00005-config-AdamP.yaml
    data                : /localscratch/zhan8425.6958644.0        
    output              : ADP_post_trained/PCam_transformed/AdamP/output/fine_tuning
    checkpoint          : ADP_post_trained/PCam_transformed/AdamP/checkpoint/fine_tuning/lr-0.00005
    resume              : None                                    
    pretrained_model    : /home/zhan8425/projects/def-plato/zhan8425/HistoKT/.Adas-checkpoint/ADP/best_trial_2.pth.tar
    freeze_encoder      : 1                                       
    root                : .                                       
    save_freq           : 25                                      
    cpu                 : 0                                       
    gpu                 : 0                                       
    mpd                 : 0                                       
    dist_url            : tcp://127.0.0.1:23456                   
    dist_backend        : nccl                                    
    world_size          : -1                                      
    rank                : -1                                      
---------------------------------------------
Adas: Notice: early stop will not be used as it was set to -1.0, training till completion
Adas: Experiment Configuration
---------------------------------------------
    dataset              PCam_transformed    
    network              ResNet18            
    optimizer            AdamP               
    scheduler            None                
    level                L3Only              
    color_kwargs         {'augmentation': 'Color-Distortion', 'distortion': 0.3}
    degree_of_rotation   45                  
    vertical_flipping    0.5                 
    horizontal_flipping  0.5                 
    horizontal_shift     0.1                 
    vertical_shift       0.1                 
    gaussian_blur        0                   
    kernel_size          9                   
    variance             0.1                 
    cutout               0                   
    n_holes              1                   
    cutout_length        16                  
    init_lr              5e-05               
    early_stop_threshold -1.0                
    optimizer_kwargs     {'weight_decay': 0.0005}
    scheduler_kwargs     {'gamma': 0.5, 'step_size': 20.0}
    p                    1                   
    start_trial          0                   
    n_trials             3                   
    num_workers          4                   
    max_epochs           200                 
    mini_batch_size      32                  
    loss                 cross_entropy       
    early_stop_patience  10                  
---------------------------------------------
Adas: Pytorch device is set to cuda
Train AUC: 0.793743
Valid AUC: 0.8306499999999999
AdamP on PCam_transformed: T 1/3 | E 1/200 Ended | E Time: 11.533s | ~Time Left: 2294.999s |  Train Loss: 0.5579 | Train Acc. 71.8000% | Test Loss: 0.5572 | Test Acc. 70.5000%
Train AUC: 0.848514
Valid AUC: 0.805825
AdamP on PCam_transformed: T 1/3 | E 2/200 Ended | E Time: 10.449s | ~Time Left: 2068.915s |  Train Loss: 0.4830 | Train Acc. 77.1000% | Test Loss: 0.5857 | Test Acc. 72.2500%
Train AUC: 0.841471
Valid AUC: 0.810475
AdamP on PCam_transformed: T 1/3 | E 3/200 Ended | E Time: 10.353s | ~Time Left: 2039.506s |  Train Loss: 0.4966 | Train Acc. 76.0500% | Test Loss: 0.5416 | Test Acc. 76.0000%
Train AUC: 0.837691
Valid AUC: 0.8510749999999999
AdamP on PCam_transformed: T 1/3 | E 4/200 Ended | E Time: 10.580s | ~Time Left: 2073.603s |  Train Loss: 0.4983 | Train Acc. 76.7000% | Test Loss: 0.4939 | Test Acc. 77.5000%
Train AUC: 0.858554
Valid AUC: 0.8197749999999999
AdamP on PCam_transformed: T 1/3 | E 5/200 Ended | E Time: 10.571s | ~Time Left: 2061.287s |  Train Loss: 0.4669 | Train Acc. 79.3500% | Test Loss: 0.5184 | Test Acc. 72.5000%
Train AUC: 0.863418
Valid AUC: 0.850675
AdamP on PCam_transformed: T 1/3 | E 6/200 Ended | E Time: 10.527s | ~Time Left: 2042.243s |  Train Loss: 0.4653 | Train Acc. 78.2000% | Test Loss: 0.4944 | Test Acc. 76.7500%
Train AUC: 0.855075
Valid AUC: 0.84155
AdamP on PCam_transformed: T 1/3 | E 7/200 Ended | E Time: 10.316s | ~Time Left: 1990.928s |  Train Loss: 0.4740 | Train Acc. 78.8000% | Test Loss: 0.4941 | Test Acc. 73.7500%
Train AUC: 0.864275
Valid AUC: 0.84925
AdamP on PCam_transformed: T 1/3 | E 8/200 Ended | E Time: 10.400s | ~Time Left: 1996.842s |  Train Loss: 0.4596 | Train Acc. 79.1500% | Test Loss: 0.4976 | Test Acc. 74.5000%
Train AUC: 0.8656529999999999
Valid AUC: 0.850775
AdamP on PCam_transformed: T 1/3 | E 9/200 Ended | E Time: 10.341s | ~Time Left: 1975.222s |  Train Loss: 0.4571 | Train Acc. 79.7000% | Test Loss: 0.4804 | Test Acc. 76.0000%
Train AUC: 0.87565
Valid AUC: 0.86705
AdamP on PCam_transformed: T 1/3 | E 10/200 Ended | E Time: 10.450s | ~Time Left: 1985.446s |  Train Loss: 0.4396 | Train Acc. 80.8500% | Test Loss: 0.4737 | Test Acc. 76.0000%
Train AUC: 0.8718090000000001
Valid AUC: 0.8819
AdamP on PCam_transformed: T 1/3 | E 11/200 Ended | E Time: 10.426s | ~Time Left: 1970.442s |  Train Loss: 0.4481 | Train Acc. 81.0500% | Test Loss: 0.4756 | Test Acc. 77.0000%
Train AUC: 0.869018
Valid AUC: 0.8426
AdamP on PCam_transformed: T 1/3 | E 12/200 Ended | E Time: 10.399s | ~Time Left: 1955.052s |  Train Loss: 0.4499 | Train Acc. 79.3500% | Test Loss: 0.4883 | Test Acc. 76.2500%
Train AUC: 0.873094
Valid AUC: 0.85165
AdamP on PCam_transformed: T 1/3 | E 13/200 Ended | E Time: 10.845s | ~Time Left: 2027.924s |  Train Loss: 0.4435 | Train Acc. 79.9500% | Test Loss: 0.4943 | Test Acc. 76.2500%
Train AUC: 0.873467
Valid AUC: 0.8453499999999999
AdamP on PCam_transformed: T 1/3 | E 14/200 Ended | E Time: 10.352s | ~Time Left: 1925.432s |  Train Loss: 0.4446 | Train Acc. 79.5500% | Test Loss: 0.5383 | Test Acc. 76.5000%
Train AUC: 0.874441
Valid AUC: 0.8722749999999999
AdamP on PCam_transformed: T 1/3 | E 15/200 Ended | E Time: 10.395s | ~Time Left: 1923.041s |  Train Loss: 0.4419 | Train Acc. 81.7000% | Test Loss: 0.4679 | Test Acc. 80.2500%
Train AUC: 0.883551
Valid AUC: 0.8678500000000001
AdamP on PCam_transformed: T 1/3 | E 16/200 Ended | E Time: 10.429s | ~Time Left: 1919.027s |  Train Loss: 0.4279 | Train Acc. 81.4000% | Test Loss: 0.5012 | Test Acc. 76.5000%
Train AUC: 0.8776099999999999
Valid AUC: 0.880175
AdamP on PCam_transformed: T 1/3 | E 17/200 Ended | E Time: 10.290s | ~Time Left: 1883.139s |  Train Loss: 0.4424 | Train Acc. 80.8500% | Test Loss: 0.4340 | Test Acc. 79.5000%
Train AUC: 0.887424
Valid AUC: 0.8699250000000001
AdamP on PCam_transformed: T 1/3 | E 18/200 Ended | E Time: 10.349s | ~Time Left: 1883.568s |  Train Loss: 0.4201 | Train Acc. 81.0500% | Test Loss: 0.4669 | Test Acc. 79.5000%
Train AUC: 0.8855649999999999
Valid AUC: 0.8739250000000001
AdamP on PCam_transformed: T 1/3 | E 19/200 Ended | E Time: 10.352s | ~Time Left: 1873.693s |  Train Loss: 0.4237 | Train Acc. 81.8000% | Test Loss: 0.4572 | Test Acc. 79.0000%
Train AUC: 0.8943929999999999
Valid AUC: 0.88095
AdamP on PCam_transformed: T 1/3 | E 20/200 Ended | E Time: 10.341s | ~Time Left: 1861.403s |  Train Loss: 0.4094 | Train Acc. 82.0500% | Test Loss: 0.4291 | Test Acc. 79.0000%
Train AUC: 0.8867579999999999
Valid AUC: 0.88525
AdamP on PCam_transformed: T 1/3 | E 21/200 Ended | E Time: 10.347s | ~Time Left: 1852.160s |  Train Loss: 0.4242 | Train Acc. 82.0000% | Test Loss: 0.4300 | Test Acc. 80.2500%
Train AUC: 0.8894529999999998
Valid AUC: 0.86405
AdamP on PCam_transformed: T 1/3 | E 22/200 Ended | E Time: 10.403s | ~Time Left: 1851.693s |  Train Loss: 0.4178 | Train Acc. 81.9000% | Test Loss: 0.4774 | Test Acc. 79.5000%
Train AUC: 0.8957739999999998
Valid AUC: 0.89075
AdamP on PCam_transformed: T 1/3 | E 23/200 Ended | E Time: 10.466s | ~Time Left: 1852.550s |  Train Loss: 0.4045 | Train Acc. 82.8000% | Test Loss: 0.4146 | Test Acc. 80.0000%
Train AUC: 0.9018299999999999
Valid AUC: 0.897475
AdamP on PCam_transformed: T 1/3 | E 24/200 Ended | E Time: 10.349s | ~Time Left: 1821.438s |  Train Loss: 0.3943 | Train Acc. 82.3000% | Test Loss: 0.4030 | Test Acc. 80.7500%
Train AUC: 0.897336
Valid AUC: 0.84045
AdamP on PCam_transformed: T 1/3 | E 25/200 Ended | E Time: 10.453s | ~Time Left: 1829.349s |  Train Loss: 0.4031 | Train Acc. 83.0500% | Test Loss: 0.5076 | Test Acc. 75.0000%
Train AUC: 0.8963669999999999
Valid AUC: 0.8836250000000001
AdamP on PCam_transformed: T 1/3 | E 26/200 Ended | E Time: 10.393s | ~Time Left: 1808.401s |  Train Loss: 0.4065 | Train Acc. 82.6000% | Test Loss: 0.5655 | Test Acc. 74.2500%
Train AUC: 0.8979830000000001
Valid AUC: 0.8892000000000001
AdamP on PCam_transformed: T 1/3 | E 27/200 Ended | E Time: 10.338s | ~Time Left: 1788.392s |  Train Loss: 0.4060 | Train Acc. 83.1500% | Test Loss: 0.4323 | Test Acc. 78.7500%
Train AUC: 0.9025660000000001
Valid AUC: 0.8806
AdamP on PCam_transformed: T 1/3 | E 28/200 Ended | E Time: 10.433s | ~Time Left: 1794.392s |  Train Loss: 0.3950 | Train Acc. 83.2000% | Test Loss: 0.4463 | Test Acc. 80.2500%
Train AUC: 0.9006419999999999
Valid AUC: 0.8848750000000001
AdamP on PCam_transformed: T 1/3 | E 29/200 Ended | E Time: 10.517s | ~Time Left: 1798.371s |  Train Loss: 0.3966 | Train Acc. 83.1000% | Test Loss: 0.4656 | Test Acc. 80.0000%
Train AUC: 0.9017580000000001
Valid AUC: 0.896775
AdamP on PCam_transformed: T 1/3 | E 30/200 Ended | E Time: 10.428s | ~Time Left: 1772.814s |  Train Loss: 0.3956 | Train Acc. 82.6000% | Test Loss: 0.4068 | Test Acc. 82.5000%
Train AUC: 0.913092
Valid AUC: 0.87905
AdamP on PCam_transformed: T 1/3 | E 31/200 Ended | E Time: 10.343s | ~Time Left: 1748.006s |  Train Loss: 0.3750 | Train Acc. 83.8000% | Test Loss: 0.4455 | Test Acc. 78.5000%
Train AUC: 0.905128
Valid AUC: 0.8613000000000001
AdamP on PCam_transformed: T 1/3 | E 32/200 Ended | E Time: 10.502s | ~Time Left: 1764.366s |  Train Loss: 0.3903 | Train Acc. 83.5000% | Test Loss: 0.4761 | Test Acc. 78.5000%
Train AUC: 0.9053769999999999
Valid AUC: 0.868525
AdamP on PCam_transformed: T 1/3 | E 33/200 Ended | E Time: 10.487s | ~Time Left: 1751.258s |  Train Loss: 0.3873 | Train Acc. 83.8000% | Test Loss: 0.4773 | Test Acc. 75.5000%
Train AUC: 0.9043049999999999
Valid AUC: 0.8872
AdamP on PCam_transformed: T 1/3 | E 34/200 Ended | E Time: 10.393s | ~Time Left: 1725.159s |  Train Loss: 0.3926 | Train Acc. 83.2000% | Test Loss: 0.5011 | Test Acc. 77.0000%
Train AUC: 0.9043590000000001
Valid AUC: 0.896125
AdamP on PCam_transformed: T 1/3 | E 35/200 Ended | E Time: 10.373s | ~Time Left: 1711.582s |  Train Loss: 0.3921 | Train Acc. 83.2000% | Test Loss: 0.4113 | Test Acc. 80.5000%
Train AUC: 0.91049
Valid AUC: 0.86495
AdamP on PCam_transformed: T 1/3 | E 36/200 Ended | E Time: 10.412s | ~Time Left: 1707.633s |  Train Loss: 0.3796 | Train Acc. 83.8500% | Test Loss: 0.5690 | Test Acc. 75.2500%
Train AUC: 0.913139
Valid AUC: 0.873875
AdamP on PCam_transformed: T 1/3 | E 37/200 Ended | E Time: 10.455s | ~Time Left: 1704.159s |  Train Loss: 0.3707 | Train Acc. 83.7000% | Test Loss: 0.4462 | Test Acc. 79.2500%
Train AUC: 0.914986
Valid AUC: 0.9070250000000001
AdamP on PCam_transformed: T 1/3 | E 38/200 Ended | E Time: 10.414s | ~Time Left: 1687.035s |  Train Loss: 0.3714 | Train Acc. 84.5500% | Test Loss: 0.3911 | Test Acc. 82.5000%
Train AUC: 0.917791
Valid AUC: 0.8988750000000001
AdamP on PCam_transformed: T 1/3 | E 39/200 Ended | E Time: 10.371s | ~Time Left: 1669.690s |  Train Loss: 0.3637 | Train Acc. 84.7500% | Test Loss: 0.3928 | Test Acc. 81.7500%
Train AUC: 0.9153000000000001
Valid AUC: 0.88685
AdamP on PCam_transformed: T 1/3 | E 40/200 Ended | E Time: 10.457s | ~Time Left: 1673.048s |  Train Loss: 0.3686 | Train Acc. 84.5000% | Test Loss: 0.4458 | Test Acc. 79.7500%
Train AUC: 0.917124
Valid AUC: 0.890875
AdamP on PCam_transformed: T 1/3 | E 41/200 Ended | E Time: 10.448s | ~Time Left: 1661.294s |  Train Loss: 0.3651 | Train Acc. 85.0500% | Test Loss: 0.4361 | Test Acc. 81.0000%
Train AUC: 0.9132419999999999
Valid AUC: 0.9026
AdamP on PCam_transformed: T 1/3 | E 42/200 Ended | E Time: 10.546s | ~Time Left: 1666.332s |  Train Loss: 0.3724 | Train Acc. 84.4500% | Test Loss: 0.4009 | Test Acc. 78.7500%
Train AUC: 0.9174089999999999
Valid AUC: 0.902525
AdamP on PCam_transformed: T 1/3 | E 43/200 Ended | E Time: 10.520s | ~Time Left: 1651.691s |  Train Loss: 0.3648 | Train Acc. 84.8500% | Test Loss: 0.4551 | Test Acc. 78.7500%
Train AUC: 0.9197599999999999
Valid AUC: 0.887425
AdamP on PCam_transformed: T 1/3 | E 44/200 Ended | E Time: 10.392s | ~Time Left: 1621.196s |  Train Loss: 0.3576 | Train Acc. 84.2000% | Test Loss: 0.4544 | Test Acc. 81.0000%
Train AUC: 0.915826
Valid AUC: 0.894675
AdamP on PCam_transformed: T 1/3 | E 45/200 Ended | E Time: 10.419s | ~Time Left: 1614.899s |  Train Loss: 0.3684 | Train Acc. 84.5000% | Test Loss: 0.4368 | Test Acc. 80.2500%
Train AUC: 0.9230539999999999
Valid AUC: 0.8896000000000002
AdamP on PCam_transformed: T 1/3 | E 46/200 Ended | E Time: 10.460s | ~Time Left: 1610.784s |  Train Loss: 0.3552 | Train Acc. 85.1000% | Test Loss: 0.4366 | Test Acc. 78.5000%
Train AUC: 0.9265509999999999
Valid AUC: 0.902025
AdamP on PCam_transformed: T 1/3 | E 47/200 Ended | E Time: 10.482s | ~Time Left: 1603.773s |  Train Loss: 0.3407 | Train Acc. 85.9500% | Test Loss: 0.3874 | Test Acc. 83.0000%
Train AUC: 0.918384
Valid AUC: 0.90865
AdamP on PCam_transformed: T 1/3 | E 48/200 Ended | E Time: 10.264s | ~Time Left: 1560.147s |  Train Loss: 0.3612 | Train Acc. 84.7500% | Test Loss: 0.3868 | Test Acc. 82.7500%
Train AUC: 0.9246960000000001
Valid AUC: 0.9061999999999999
AdamP on PCam_transformed: T 1/3 | E 49/200 Ended | E Time: 10.379s | ~Time Left: 1567.186s |  Train Loss: 0.3475 | Train Acc. 85.0500% | Test Loss: 0.3961 | Test Acc. 80.5000%
Train AUC: 0.927546
Valid AUC: 0.90015
AdamP on PCam_transformed: T 1/3 | E 50/200 Ended | E Time: 10.466s | ~Time Left: 1569.941s |  Train Loss: 0.3392 | Train Acc. 85.5500% | Test Loss: 0.4083 | Test Acc. 81.5000%
Train AUC: 0.921188
Valid AUC: 0.8954
AdamP on PCam_transformed: T 1/3 | E 51/200 Ended | E Time: 10.441s | ~Time Left: 1555.762s |  Train Loss: 0.3561 | Train Acc. 85.5500% | Test Loss: 0.4158 | Test Acc. 81.7500%
Train AUC: 0.9327239999999999
Valid AUC: 0.9119999999999999
AdamP on PCam_transformed: T 1/3 | E 52/200 Ended | E Time: 10.323s | ~Time Left: 1527.754s |  Train Loss: 0.3284 | Train Acc. 85.3500% | Test Loss: 0.4681 | Test Acc. 78.5000%
Train AUC: 0.926806
Valid AUC: 0.8929999999999999
AdamP on PCam_transformed: T 1/3 | E 53/200 Ended | E Time: 10.446s | ~Time Left: 1535.548s |  Train Loss: 0.3403 | Train Acc. 85.7000% | Test Loss: 0.4219 | Test Acc. 80.5000%
Train AUC: 0.926025
Valid AUC: 0.916075
AdamP on PCam_transformed: T 1/3 | E 54/200 Ended | E Time: 10.470s | ~Time Left: 1528.598s |  Train Loss: 0.3425 | Train Acc. 85.6500% | Test Loss: 0.3726 | Test Acc. 82.5000%
Train AUC: 0.9274120000000001
Valid AUC: 0.8977
AdamP on PCam_transformed: T 1/3 | E 55/200 Ended | E Time: 10.675s | ~Time Left: 1547.808s |  Train Loss: 0.3410 | Train Acc. 85.2500% | Test Loss: 0.4207 | Test Acc. 79.7500%
Train AUC: 0.925797
Valid AUC: 0.912175
AdamP on PCam_transformed: T 1/3 | E 56/200 Ended | E Time: 10.367s | ~Time Left: 1492.782s |  Train Loss: 0.3450 | Train Acc. 85.6000% | Test Loss: 0.4018 | Test Acc. 81.5000%
Train AUC: 0.928604
Valid AUC: 0.9013249999999999
AdamP on PCam_transformed: T 1/3 | E 57/200 Ended | E Time: 10.486s | ~Time Left: 1499.538s |  Train Loss: 0.3397 | Train Acc. 86.3500% | Test Loss: 0.4165 | Test Acc. 80.7500%
Train AUC: 0.9332849999999999
Valid AUC: 0.9063500000000001
AdamP on PCam_transformed: T 1/3 | E 58/200 Ended | E Time: 10.392s | ~Time Left: 1475.736s |  Train Loss: 0.3293 | Train Acc. 86.3500% | Test Loss: 0.4032 | Test Acc. 81.2500%
Train AUC: 0.9305889999999999
Valid AUC: 0.8897999999999999
AdamP on PCam_transformed: T 1/3 | E 59/200 Ended | E Time: 10.421s | ~Time Left: 1469.335s |  Train Loss: 0.3326 | Train Acc. 86.0500% | Test Loss: 0.4662 | Test Acc. 79.0000%
Train AUC: 0.9289280000000001
Valid AUC: 0.87915
AdamP on PCam_transformed: T 1/3 | E 60/200 Ended | E Time: 10.406s | ~Time Left: 1456.815s |  Train Loss: 0.3388 | Train Acc. 85.6500% | Test Loss: 0.4959 | Test Acc. 79.7500%
Train AUC: 0.9336099999999999
Valid AUC: 0.910675
AdamP on PCam_transformed: T 1/3 | E 61/200 Ended | E Time: 10.431s | ~Time Left: 1449.961s |  Train Loss: 0.3259 | Train Acc. 86.6500% | Test Loss: 0.4060 | Test Acc. 80.7500%
Train AUC: 0.931613
Valid AUC: 0.920425
AdamP on PCam_transformed: T 1/3 | E 62/200 Ended | E Time: 11.161s | ~Time Left: 1540.171s |  Train Loss: 0.3337 | Train Acc. 85.7500% | Test Loss: 0.3864 | Test Acc. 81.2500%
Train AUC: 0.938734
Valid AUC: 0.919625
AdamP on PCam_transformed: T 1/3 | E 63/200 Ended | E Time: 10.410s | ~Time Left: 1426.191s |  Train Loss: 0.3131 | Train Acc. 86.9000% | Test Loss: 0.3728 | Test Acc. 81.5000%
Train AUC: 0.9352079999999999
Valid AUC: 0.906275
AdamP on PCam_transformed: T 1/3 | E 64/200 Ended | E Time: 10.469s | ~Time Left: 1423.781s |  Train Loss: 0.3240 | Train Acc. 86.3000% | Test Loss: 0.4389 | Test Acc. 80.7500%
Train AUC: 0.938145
Valid AUC: 0.9064249999999999
AdamP on PCam_transformed: T 1/3 | E 65/200 Ended | E Time: 10.374s | ~Time Left: 1400.424s |  Train Loss: 0.3170 | Train Acc. 85.7000% | Test Loss: 0.3954 | Test Acc. 81.0000%
Train AUC: 0.9305229999999999
Valid AUC: 0.8971
AdamP on PCam_transformed: T 1/3 | E 66/200 Ended | E Time: 10.452s | ~Time Left: 1400.569s |  Train Loss: 0.3376 | Train Acc. 86.2000% | Test Loss: 0.4104 | Test Acc. 81.2500%
Train AUC: 0.9415890000000001
Valid AUC: 0.8921000000000001
AdamP on PCam_transformed: T 1/3 | E 67/200 Ended | E Time: 10.630s | ~Time Left: 1413.742s |  Train Loss: 0.3081 | Train Acc. 87.4000% | Test Loss: 0.4824 | Test Acc. 79.5000%
Train AUC: 0.932438
Valid AUC: 0.899275
AdamP on PCam_transformed: T 1/3 | E 68/200 Ended | E Time: 10.357s | ~Time Left: 1367.093s |  Train Loss: 0.3310 | Train Acc. 86.9000% | Test Loss: 0.4758 | Test Acc. 79.0000%
Train AUC: 0.940608
Valid AUC: 0.8844
AdamP on PCam_transformed: T 1/3 | E 69/200 Ended | E Time: 10.415s | ~Time Left: 1364.338s |  Train Loss: 0.3083 | Train Acc. 86.9000% | Test Loss: 0.4395 | Test Acc. 78.5000%
Train AUC: 0.9369829999999999
Valid AUC: 0.9181
AdamP on PCam_transformed: T 1/3 | E 70/200 Ended | E Time: 10.420s | ~Time Left: 1354.563s |  Train Loss: 0.3206 | Train Acc. 87.2500% | Test Loss: 0.3719 | Test Acc. 82.0000%
Train AUC: 0.9352479999999999
Valid AUC: 0.900675
AdamP on PCam_transformed: T 1/3 | E 71/200 Ended | E Time: 10.445s | ~Time Left: 1347.421s |  Train Loss: 0.3226 | Train Acc. 86.2500% | Test Loss: 0.4085 | Test Acc. 82.2500%
Train AUC: 0.942996
Valid AUC: 0.88195
AdamP on PCam_transformed: T 1/3 | E 72/200 Ended | E Time: 10.399s | ~Time Left: 1331.119s |  Train Loss: 0.3042 | Train Acc. 87.4000% | Test Loss: 0.4613 | Test Acc. 78.7500%
Train AUC: 0.940134
Valid AUC: 0.8809250000000001
AdamP on PCam_transformed: T 1/3 | E 73/200 Ended | E Time: 10.483s | ~Time Left: 1331.317s |  Train Loss: 0.3120 | Train Acc. 86.9000% | Test Loss: 0.5001 | Test Acc. 78.5000%
Train AUC: 0.935125
Valid AUC: 0.8858499999999999
AdamP on PCam_transformed: T 1/3 | E 74/200 Ended | E Time: 10.426s | ~Time Left: 1313.619s |  Train Loss: 0.3212 | Train Acc. 86.1500% | Test Loss: 0.4560 | Test Acc. 79.7500%
Train AUC: 0.934245
Valid AUC: 0.9065249999999999
AdamP on PCam_transformed: T 1/3 | E 75/200 Ended | E Time: 10.471s | ~Time Left: 1308.883s |  Train Loss: 0.3290 | Train Acc. 86.3000% | Test Loss: 0.3900 | Test Acc. 81.5000%
Train AUC: 0.942164
Valid AUC: 0.898475
AdamP on PCam_transformed: T 1/3 | E 76/200 Ended | E Time: 10.395s | ~Time Left: 1289.020s |  Train Loss: 0.3056 | Train Acc. 87.4000% | Test Loss: 0.4345 | Test Acc. 81.2500%
Train AUC: 0.945528
Valid AUC: 0.88505
AdamP on PCam_transformed: T 1/3 | E 77/200 Ended | E Time: 10.404s | ~Time Left: 1279.647s |  Train Loss: 0.2980 | Train Acc. 87.9500% | Test Loss: 0.4211 | Test Acc. 81.5000%
Train AUC: 0.944499
Valid AUC: 0.914825
AdamP on PCam_transformed: T 1/3 | E 78/200 Ended | E Time: 10.378s | ~Time Left: 1266.074s |  Train Loss: 0.2977 | Train Acc. 87.3000% | Test Loss: 0.3802 | Test Acc. 82.7500%
Train AUC: 0.9448329999999999
Valid AUC: 0.896975
AdamP on PCam_transformed: T 1/3 | E 79/200 Ended | E Time: 10.433s | ~Time Left: 1262.394s |  Train Loss: 0.3011 | Train Acc. 87.0000% | Test Loss: 0.4208 | Test Acc. 81.0000%
Train AUC: 0.949541
Valid AUC: 0.9110250000000001
AdamP on PCam_transformed: T 1/3 | E 80/200 Ended | E Time: 10.453s | ~Time Left: 1254.400s |  Train Loss: 0.2881 | Train Acc. 87.6500% | Test Loss: 0.4000 | Test Acc. 82.0000%
Train AUC: 0.9433889999999999
Valid AUC: 0.9038250000000001
AdamP on PCam_transformed: T 1/3 | E 81/200 Ended | E Time: 10.405s | ~Time Left: 1238.157s |  Train Loss: 0.3023 | Train Acc. 87.0500% | Test Loss: 0.3907 | Test Acc. 82.2500%
Train AUC: 0.9423549999999999
Valid AUC: 0.908075
AdamP on PCam_transformed: T 1/3 | E 82/200 Ended | E Time: 10.328s | ~Time Left: 1218.756s |  Train Loss: 0.3053 | Train Acc. 87.5000% | Test Loss: 0.3916 | Test Acc. 81.7500%
Train AUC: 0.9458679999999999
Valid AUC: 0.90455
AdamP on PCam_transformed: T 1/3 | E 83/200 Ended | E Time: 10.467s | ~Time Left: 1224.635s |  Train Loss: 0.2964 | Train Acc. 87.2500% | Test Loss: 0.3944 | Test Acc. 80.2500%
Train AUC: 0.945278
Valid AUC: 0.9041250000000001
AdamP on PCam_transformed: T 1/3 | E 84/200 Ended | E Time: 10.403s | ~Time Left: 1206.746s |  Train Loss: 0.2968 | Train Acc. 88.4500% | Test Loss: 0.3903 | Test Acc. 81.5000%
Train AUC: 0.9467399999999999
Valid AUC: 0.913925
AdamP on PCam_transformed: T 1/3 | E 85/200 Ended | E Time: 10.480s | ~Time Left: 1205.253s |  Train Loss: 0.2929 | Train Acc. 87.7500% | Test Loss: 0.3774 | Test Acc. 82.2500%
Train AUC: 0.9520409999999999
Valid AUC: 0.887625
AdamP on PCam_transformed: T 1/3 | E 86/200 Ended | E Time: 10.485s | ~Time Left: 1195.345s |  Train Loss: 0.2764 | Train Acc. 88.3500% | Test Loss: 0.5275 | Test Acc. 78.7500%
Train AUC: 0.9499789999999999
Valid AUC: 0.9011750000000001
AdamP on PCam_transformed: T 1/3 | E 87/200 Ended | E Time: 10.355s | ~Time Left: 1170.156s |  Train Loss: 0.2823 | Train Acc. 88.0500% | Test Loss: 0.4118 | Test Acc. 82.0000%
Train AUC: 0.954379
Valid AUC: 0.90885
AdamP on PCam_transformed: T 1/3 | E 88/200 Ended | E Time: 10.464s | ~Time Left: 1172.018s |  Train Loss: 0.2719 | Train Acc. 88.1500% | Test Loss: 0.4449 | Test Acc. 84.2500%
Train AUC: 0.952959
Valid AUC: 0.91175
AdamP on PCam_transformed: T 1/3 | E 89/200 Ended | E Time: 10.379s | ~Time Left: 1152.089s |  Train Loss: 0.2758 | Train Acc. 87.9500% | Test Loss: 0.3977 | Test Acc. 82.7500%
Train AUC: 0.95285
Valid AUC: 0.8935249999999999
AdamP on PCam_transformed: T 1/3 | E 90/200 Ended | E Time: 10.494s | ~Time Left: 1154.308s |  Train Loss: 0.2746 | Train Acc. 89.3000% | Test Loss: 0.4459 | Test Acc. 81.7500%
Train AUC: 0.9535669999999999
Valid AUC: 0.8940249999999998
AdamP on PCam_transformed: T 1/3 | E 91/200 Ended | E Time: 10.435s | ~Time Left: 1137.462s |  Train Loss: 0.2747 | Train Acc. 88.3500% | Test Loss: 0.4363 | Test Acc. 83.5000%
Train AUC: 0.9540580000000001
Valid AUC: 0.9074249999999999
AdamP on PCam_transformed: T 1/3 | E 92/200 Ended | E Time: 10.433s | ~Time Left: 1126.712s |  Train Loss: 0.2741 | Train Acc. 88.2500% | Test Loss: 0.3836 | Test Acc. 81.7500%
Train AUC: 0.952636
Valid AUC: 0.8901000000000002
AdamP on PCam_transformed: T 1/3 | E 93/200 Ended | E Time: 10.423s | ~Time Left: 1115.312s |  Train Loss: 0.2760 | Train Acc. 89.5000% | Test Loss: 0.4978 | Test Acc. 80.2500%
Train AUC: 0.955192
Valid AUC: 0.905425
AdamP on PCam_transformed: T 1/3 | E 94/200 Ended | E Time: 10.487s | ~Time Left: 1111.643s |  Train Loss: 0.2671 | Train Acc. 89.1000% | Test Loss: 0.4065 | Test Acc. 81.2500%
Train AUC: 0.950365
Valid AUC: 0.876575
AdamP on PCam_transformed: T 1/3 | E 95/200 Ended | E Time: 10.437s | ~Time Left: 1095.929s |  Train Loss: 0.2836 | Train Acc. 87.5000% | Test Loss: 0.4783 | Test Acc. 81.0000%
Train AUC: 0.9524090000000001
Valid AUC: 0.9088999999999999
AdamP on PCam_transformed: T 1/3 | E 96/200 Ended | E Time: 10.480s | ~Time Left: 1089.941s |  Train Loss: 0.2767 | Train Acc. 88.2500% | Test Loss: 0.4098 | Test Acc. 82.2500%
Train AUC: 0.9549499999999999
Valid AUC: 0.886875
AdamP on PCam_transformed: T 1/3 | E 97/200 Ended | E Time: 10.468s | ~Time Left: 1078.207s |  Train Loss: 0.2695 | Train Acc. 88.1500% | Test Loss: 0.5131 | Test Acc. 82.7500%
Train AUC: 0.953045
Valid AUC: 0.8957999999999999
AdamP on PCam_transformed: T 1/3 | E 98/200 Ended | E Time: 10.390s | ~Time Left: 1059.811s |  Train Loss: 0.2773 | Train Acc. 88.1500% | Test Loss: 0.4305 | Test Acc. 81.2500%
Train AUC: 0.961174
Valid AUC: 0.8881500000000001
AdamP on PCam_transformed: T 1/3 | E 99/200 Ended | E Time: 10.415s | ~Time Left: 1051.958s |  Train Loss: 0.2493 | Train Acc. 89.5000% | Test Loss: 0.5157 | Test Acc. 81.2500%
Train AUC: 0.9583189999999999
Valid AUC: 0.892875
AdamP on PCam_transformed: T 1/3 | E 100/200 Ended | E Time: 10.481s | ~Time Left: 1048.102s |  Train Loss: 0.2597 | Train Acc. 89.1500% | Test Loss: 0.4528 | Test Acc. 80.5000%
Train AUC: 0.959029
Valid AUC: 0.902575
AdamP on PCam_transformed: T 1/3 | E 101/200 Ended | E Time: 10.491s | ~Time Left: 1038.564s |  Train Loss: 0.2565 | Train Acc. 89.6500% | Test Loss: 0.4024 | Test Acc. 80.5000%
Train AUC: 0.9621379999999999
Valid AUC: 0.9017499999999999
AdamP on PCam_transformed: T 1/3 | E 102/200 Ended | E Time: 10.527s | ~Time Left: 1031.692s |  Train Loss: 0.2467 | Train Acc. 89.4000% | Test Loss: 0.4198 | Test Acc. 82.2500%
Train AUC: 0.958111
Valid AUC: 0.88645
AdamP on PCam_transformed: T 1/3 | E 103/200 Ended | E Time: 10.361s | ~Time Left: 1005.024s |  Train Loss: 0.2584 | Train Acc. 89.0000% | Test Loss: 0.4332 | Test Acc. 80.2500%
Train AUC: 0.961331
Valid AUC: 0.8910499999999999
AdamP on PCam_transformed: T 1/3 | E 104/200 Ended | E Time: 10.426s | ~Time Left: 1000.890s |  Train Loss: 0.2472 | Train Acc. 90.2000% | Test Loss: 0.4843 | Test Acc. 82.2500%
Train AUC: 0.9588500000000001
Valid AUC: 0.87155
AdamP on PCam_transformed: T 1/3 | E 105/200 Ended | E Time: 10.646s | ~Time Left: 1011.387s |  Train Loss: 0.2564 | Train Acc. 89.3000% | Test Loss: 0.5231 | Test Acc. 79.2500%
Train AUC: 0.9614369999999999
Valid AUC: 0.884625
AdamP on PCam_transformed: T 1/3 | E 106/200 Ended | E Time: 10.427s | ~Time Left: 980.162s |  Train Loss: 0.2509 | Train Acc. 89.9000% | Test Loss: 0.4945 | Test Acc. 79.5000%
Train AUC: 0.964471
Valid AUC: 0.8851500000000001
AdamP on PCam_transformed: T 1/3 | E 107/200 Ended | E Time: 10.389s | ~Time Left: 966.185s |  Train Loss: 0.2397 | Train Acc. 90.3500% | Test Loss: 0.5061 | Test Acc. 80.7500%
Train AUC: 0.9647500000000001
Valid AUC: 0.89785
AdamP on PCam_transformed: T 1/3 | E 108/200 Ended | E Time: 10.463s | ~Time Left: 962.557s |  Train Loss: 0.2381 | Train Acc. 90.8000% | Test Loss: 0.5044 | Test Acc. 81.7500%
Train AUC: 0.9619880000000001
Valid AUC: 0.8709000000000001
AdamP on PCam_transformed: T 1/3 | E 109/200 Ended | E Time: 10.393s | ~Time Left: 945.741s |  Train Loss: 0.2485 | Train Acc. 90.0000% | Test Loss: 0.6089 | Test Acc. 77.7500%
Train AUC: 0.9656359999999999
Valid AUC: 0.8879
AdamP on PCam_transformed: T 1/3 | E 110/200 Ended | E Time: 10.702s | ~Time Left: 963.189s |  Train Loss: 0.2334 | Train Acc. 90.1500% | Test Loss: 0.5156 | Test Acc. 81.2500%
Train AUC: 0.959546
Valid AUC: 0.896125
AdamP on PCam_transformed: T 1/3 | E 111/200 Ended | E Time: 10.640s | ~Time Left: 946.920s |  Train Loss: 0.2575 | Train Acc. 89.2500% | Test Loss: 0.4892 | Test Acc. 80.2500%
Train AUC: 0.9631880000000002
Valid AUC: 0.8899750000000001
AdamP on PCam_transformed: T 1/3 | E 112/200 Ended | E Time: 10.338s | ~Time Left: 909.771s |  Train Loss: 0.2414 | Train Acc. 90.1500% | Test Loss: 0.4572 | Test Acc. 81.2500%
Train AUC: 0.9629780000000001
Valid AUC: 0.9224749999999999
AdamP on PCam_transformed: T 1/3 | E 113/200 Ended | E Time: 10.352s | ~Time Left: 900.597s |  Train Loss: 0.2424 | Train Acc. 90.2000% | Test Loss: 0.3707 | Test Acc. 84.0000%
Train AUC: 0.9639709999999999
Valid AUC: 0.9046249999999999
AdamP on PCam_transformed: T 1/3 | E 114/200 Ended | E Time: 10.571s | ~Time Left: 909.087s |  Train Loss: 0.2419 | Train Acc. 90.5000% | Test Loss: 0.4446 | Test Acc. 85.0000%
Train AUC: 0.961524
Valid AUC: 0.898325
AdamP on PCam_transformed: T 1/3 | E 115/200 Ended | E Time: 10.459s | ~Time Left: 889.030s |  Train Loss: 0.2491 | Train Acc. 89.5500% | Test Loss: 0.4502 | Test Acc. 83.5000%
Train AUC: 0.965417
Valid AUC: 0.91905
AdamP on PCam_transformed: T 1/3 | E 116/200 Ended | E Time: 10.323s | ~Time Left: 867.103s |  Train Loss: 0.2348 | Train Acc. 90.2000% | Test Loss: 0.3830 | Test Acc. 84.0000%
Train AUC: 0.9641780000000001
Valid AUC: 0.9096249999999999
AdamP on PCam_transformed: T 1/3 | E 117/200 Ended | E Time: 10.402s | ~Time Left: 863.325s |  Train Loss: 0.2417 | Train Acc. 90.4500% | Test Loss: 0.4111 | Test Acc. 84.0000%
Train AUC: 0.9633370000000001
Valid AUC: 0.8663750000000001
AdamP on PCam_transformed: T 1/3 | E 118/200 Ended | E Time: 10.405s | ~Time Left: 853.215s |  Train Loss: 0.2451 | Train Acc. 90.4000% | Test Loss: 0.5700 | Test Acc. 80.0000%
Train AUC: 0.966851
Valid AUC: 0.91
AdamP on PCam_transformed: T 1/3 | E 119/200 Ended | E Time: 10.491s | ~Time Left: 849.743s |  Train Loss: 0.2291 | Train Acc. 90.9000% | Test Loss: 0.3946 | Test Acc. 84.5000%
Train AUC: 0.9663210000000001
Valid AUC: 0.88345
AdamP on PCam_transformed: T 1/3 | E 120/200 Ended | E Time: 10.386s | ~Time Left: 830.878s |  Train Loss: 0.2316 | Train Acc. 90.7000% | Test Loss: 0.5067 | Test Acc. 80.7500%
Train AUC: 0.969033
Valid AUC: 0.9146749999999999
AdamP on PCam_transformed: T 1/3 | E 121/200 Ended | E Time: 10.469s | ~Time Left: 827.085s |  Train Loss: 0.2220 | Train Acc. 91.7500% | Test Loss: 0.3839 | Test Acc. 84.2500%
Train AUC: 0.968058
Valid AUC: 0.8944499999999999
AdamP on PCam_transformed: T 1/3 | E 122/200 Ended | E Time: 10.470s | ~Time Left: 816.695s |  Train Loss: 0.2245 | Train Acc. 90.7500% | Test Loss: 0.4804 | Test Acc. 80.7500%
Train AUC: 0.971293
Valid AUC: 0.908475
AdamP on PCam_transformed: T 1/3 | E 123/200 Ended | E Time: 10.510s | ~Time Left: 809.270s |  Train Loss: 0.2169 | Train Acc. 90.9500% | Test Loss: 0.4442 | Test Acc. 83.0000%
Train AUC: 0.969845
Valid AUC: 0.892675
AdamP on PCam_transformed: T 1/3 | E 124/200 Ended | E Time: 10.462s | ~Time Left: 795.097s |  Train Loss: 0.2204 | Train Acc. 90.6000% | Test Loss: 0.4914 | Test Acc. 81.2500%
Train AUC: 0.967666
Valid AUC: 0.8938999999999999
AdamP on PCam_transformed: T 1/3 | E 125/200 Ended | E Time: 10.420s | ~Time Left: 781.531s |  Train Loss: 0.2276 | Train Acc. 90.4000% | Test Loss: 0.5385 | Test Acc. 82.0000%
Train AUC: 0.972822
Valid AUC: 0.905225
AdamP on PCam_transformed: T 1/3 | E 126/200 Ended | E Time: 10.425s | ~Time Left: 771.449s |  Train Loss: 0.2072 | Train Acc. 91.6000% | Test Loss: 0.4379 | Test Acc. 81.5000%
Train AUC: 0.971104
Valid AUC: 0.8941999999999999
AdamP on PCam_transformed: T 1/3 | E 127/200 Ended | E Time: 10.483s | ~Time Left: 765.269s |  Train Loss: 0.2134 | Train Acc. 91.2000% | Test Loss: 0.4782 | Test Acc. 79.0000%
Train AUC: 0.972738
Valid AUC: 0.911
AdamP on PCam_transformed: T 1/3 | E 128/200 Ended | E Time: 10.355s | ~Time Left: 745.559s |  Train Loss: 0.2103 | Train Acc. 91.6500% | Test Loss: 0.4371 | Test Acc. 82.2500%
Train AUC: 0.9721819999999999
Valid AUC: 0.9001
AdamP on PCam_transformed: T 1/3 | E 129/200 Ended | E Time: 10.430s | ~Time Left: 740.561s |  Train Loss: 0.2114 | Train Acc. 91.0000% | Test Loss: 0.4556 | Test Acc. 83.0000%
Train AUC: 0.9658890000000001
Valid AUC: 0.8897499999999999
AdamP on PCam_transformed: T 1/3 | E 130/200 Ended | E Time: 10.390s | ~Time Left: 727.286s |  Train Loss: 0.2426 | Train Acc. 90.9500% | Test Loss: 0.4690 | Test Acc. 79.7500%
Train AUC: 0.970925
Valid AUC: 0.88565
AdamP on PCam_transformed: T 1/3 | E 131/200 Ended | E Time: 10.521s | ~Time Left: 725.981s |  Train Loss: 0.2167 | Train Acc. 91.7500% | Test Loss: 0.4842 | Test Acc. 79.7500%
Train AUC: 0.9724870000000001
Valid AUC: 0.9083249999999999
AdamP on PCam_transformed: T 1/3 | E 132/200 Ended | E Time: 10.377s | ~Time Left: 705.630s |  Train Loss: 0.2094 | Train Acc. 91.1500% | Test Loss: 0.4305 | Test Acc. 83.5000%
Train AUC: 0.9711449999999998
Valid AUC: 0.8919
AdamP on PCam_transformed: T 1/3 | E 133/200 Ended | E Time: 10.446s | ~Time Left: 699.906s |  Train Loss: 0.2170 | Train Acc. 91.7000% | Test Loss: 0.5165 | Test Acc. 79.7500%
Train AUC: 0.9716759999999999
Valid AUC: 0.8953249999999999
AdamP on PCam_transformed: T 1/3 | E 134/200 Ended | E Time: 10.517s | ~Time Left: 694.100s |  Train Loss: 0.2138 | Train Acc. 91.7500% | Test Loss: 0.4543 | Test Acc. 81.5000%
Train AUC: 0.9741490000000002
Valid AUC: 0.8944749999999999
AdamP on PCam_transformed: T 1/3 | E 135/200 Ended | E Time: 10.393s | ~Time Left: 675.517s |  Train Loss: 0.2073 | Train Acc. 91.5500% | Test Loss: 0.4924 | Test Acc. 81.0000%
Train AUC: 0.972616
Valid AUC: 0.8681749999999999
AdamP on PCam_transformed: T 1/3 | E 136/200 Ended | E Time: 10.329s | ~Time Left: 661.041s |  Train Loss: 0.2081 | Train Acc. 91.7500% | Test Loss: 0.5217 | Test Acc. 78.5000%
Train AUC: 0.9704000000000002
Valid AUC: 0.893525
AdamP on PCam_transformed: T 1/3 | E 137/200 Ended | E Time: 10.358s | ~Time Left: 652.549s |  Train Loss: 0.2178 | Train Acc. 91.2000% | Test Loss: 0.4886 | Test Acc. 79.0000%
Train AUC: 0.9740610000000001
Valid AUC: 0.91085
AdamP on PCam_transformed: T 1/3 | E 138/200 Ended | E Time: 10.479s | ~Time Left: 649.725s |  Train Loss: 0.2022 | Train Acc. 92.0500% | Test Loss: 0.4083 | Test Acc. 83.7500%
Train AUC: 0.9759340000000001
Valid AUC: 0.8861749999999999
AdamP on PCam_transformed: T 1/3 | E 139/200 Ended | E Time: 11.043s | ~Time Left: 673.596s |  Train Loss: 0.1934 | Train Acc. 91.9000% | Test Loss: 0.5268 | Test Acc. 80.0000%
Train AUC: 0.974731
Valid AUC: 0.88785
AdamP on PCam_transformed: T 1/3 | E 140/200 Ended | E Time: 10.422s | ~Time Left: 625.321s |  Train Loss: 0.1998 | Train Acc. 91.8500% | Test Loss: 0.5623 | Test Acc. 80.7500%
Train AUC: 0.978115
Valid AUC: 0.901425
AdamP on PCam_transformed: T 1/3 | E 141/200 Ended | E Time: 10.339s | ~Time Left: 610.006s |  Train Loss: 0.1825 | Train Acc. 93.3500% | Test Loss: 0.4890 | Test Acc. 82.5000%
Train AUC: 0.9784290000000001
Valid AUC: 0.839075
AdamP on PCam_transformed: T 1/3 | E 142/200 Ended | E Time: 10.422s | ~Time Left: 604.497s |  Train Loss: 0.1880 | Train Acc. 92.3500% | Test Loss: 0.8024 | Test Acc. 78.0000%
Train AUC: 0.974734
Valid AUC: 0.911825
AdamP on PCam_transformed: T 1/3 | E 143/200 Ended | E Time: 10.373s | ~Time Left: 591.265s |  Train Loss: 0.1962 | Train Acc. 92.4500% | Test Loss: 0.4454 | Test Acc. 82.5000%
Train AUC: 0.980395
Valid AUC: 0.9100749999999999
AdamP on PCam_transformed: T 1/3 | E 144/200 Ended | E Time: 10.474s | ~Time Left: 586.534s |  Train Loss: 0.1782 | Train Acc. 92.9500% | Test Loss: 0.4727 | Test Acc. 84.5000%
Train AUC: 0.979484
Valid AUC: 0.891725
AdamP on PCam_transformed: T 1/3 | E 145/200 Ended | E Time: 10.633s | ~Time Left: 584.791s |  Train Loss: 0.1769 | Train Acc. 93.2500% | Test Loss: 0.5169 | Test Acc. 80.7500%
Train AUC: 0.9754859999999999
Valid AUC: 0.9002499999999999
AdamP on PCam_transformed: T 1/3 | E 146/200 Ended | E Time: 10.364s | ~Time Left: 559.677s |  Train Loss: 0.1983 | Train Acc. 92.3500% | Test Loss: 0.4910 | Test Acc. 80.7500%
Train AUC: 0.9777980000000001
Valid AUC: 0.9026
AdamP on PCam_transformed: T 1/3 | E 147/200 Ended | E Time: 10.472s | ~Time Left: 555.014s |  Train Loss: 0.1867 | Train Acc. 92.7500% | Test Loss: 0.5174 | Test Acc. 82.2500%
Train AUC: 0.982308
Valid AUC: 0.87865
AdamP on PCam_transformed: T 1/3 | E 148/200 Ended | E Time: 10.468s | ~Time Left: 544.332s |  Train Loss: 0.1665 | Train Acc. 93.3500% | Test Loss: 0.5637 | Test Acc. 80.7500%
Train AUC: 0.9792609999999999
Valid AUC: 0.90305
AdamP on PCam_transformed: T 1/3 | E 149/200 Ended | E Time: 10.809s | ~Time Left: 551.282s |  Train Loss: 0.1816 | Train Acc. 92.6500% | Test Loss: 0.4868 | Test Acc. 82.7500%
Train AUC: 0.975854
Valid AUC: 0.90795
AdamP on PCam_transformed: T 1/3 | E 150/200 Ended | E Time: 10.380s | ~Time Left: 519.006s |  Train Loss: 0.1965 | Train Acc. 92.4000% | Test Loss: 0.5309 | Test Acc. 82.5000%
Train AUC: 0.977447
Valid AUC: 0.8943
AdamP on PCam_transformed: T 1/3 | E 151/200 Ended | E Time: 10.532s | ~Time Left: 516.077s |  Train Loss: 0.1881 | Train Acc. 93.1500% | Test Loss: 0.5224 | Test Acc. 80.0000%
Train AUC: 0.9803000000000002
Valid AUC: 0.9014
AdamP on PCam_transformed: T 1/3 | E 152/200 Ended | E Time: 10.344s | ~Time Left: 496.504s |  Train Loss: 0.1684 | Train Acc. 93.6000% | Test Loss: 0.5118 | Test Acc. 81.7500%
Train AUC: 0.9832359999999999
Valid AUC: 0.875925
AdamP on PCam_transformed: T 1/3 | E 153/200 Ended | E Time: 10.399s | ~Time Left: 488.764s |  Train Loss: 0.1634 | Train Acc. 92.7000% | Test Loss: 0.5904 | Test Acc. 79.7500%
Train AUC: 0.9823849999999998
Valid AUC: 0.86265
AdamP on PCam_transformed: T 1/3 | E 154/200 Ended | E Time: 10.436s | ~Time Left: 480.061s |  Train Loss: 0.1677 | Train Acc. 93.3000% | Test Loss: 0.6369 | Test Acc. 77.5000%
Train AUC: 0.97688
Valid AUC: 0.90255
AdamP on PCam_transformed: T 1/3 | E 155/200 Ended | E Time: 10.441s | ~Time Left: 469.867s |  Train Loss: 0.1937 | Train Acc. 92.5500% | Test Loss: 0.4917 | Test Acc. 83.5000%
Train AUC: 0.983743
Valid AUC: 0.909775
AdamP on PCam_transformed: T 1/3 | E 156/200 Ended | E Time: 10.446s | ~Time Left: 459.620s |  Train Loss: 0.1625 | Train Acc. 93.5000% | Test Loss: 0.4975 | Test Acc. 80.5000%
Train AUC: 0.98134
Valid AUC: 0.8795750000000001
AdamP on PCam_transformed: T 1/3 | E 157/200 Ended | E Time: 10.475s | ~Time Left: 450.413s |  Train Loss: 0.1775 | Train Acc. 93.5500% | Test Loss: 0.6214 | Test Acc. 81.0000%
Train AUC: 0.976119
Valid AUC: 0.9011999999999999
AdamP on PCam_transformed: T 1/3 | E 158/200 Ended | E Time: 10.415s | ~Time Left: 437.429s |  Train Loss: 0.1919 | Train Acc. 92.8000% | Test Loss: 0.5077 | Test Acc. 81.7500%
Train AUC: 0.979834
Valid AUC: 0.897825
AdamP on PCam_transformed: T 1/3 | E 159/200 Ended | E Time: 10.424s | ~Time Left: 427.366s |  Train Loss: 0.1763 | Train Acc. 93.3500% | Test Loss: 0.4516 | Test Acc. 82.5000%
Train AUC: 0.984065
Valid AUC: 0.898975
AdamP on PCam_transformed: T 1/3 | E 160/200 Ended | E Time: 10.451s | ~Time Left: 418.029s |  Train Loss: 0.1593 | Train Acc. 94.0000% | Test Loss: 0.5125 | Test Acc. 81.0000%
Train AUC: 0.981883
Valid AUC: 0.887325
AdamP on PCam_transformed: T 1/3 | E 161/200 Ended | E Time: 10.485s | ~Time Left: 408.910s |  Train Loss: 0.1704 | Train Acc. 93.4000% | Test Loss: 0.5826 | Test Acc. 78.7500%
Train AUC: 0.9826069999999999
Valid AUC: 0.8899
AdamP on PCam_transformed: T 1/3 | E 162/200 Ended | E Time: 10.382s | ~Time Left: 394.500s |  Train Loss: 0.1642 | Train Acc. 93.7000% | Test Loss: 0.5212 | Test Acc. 81.7500%
Train AUC: 0.9828589999999999
Valid AUC: 0.9032749999999999
AdamP on PCam_transformed: T 1/3 | E 163/200 Ended | E Time: 10.504s | ~Time Left: 388.655s |  Train Loss: 0.1642 | Train Acc. 93.6000% | Test Loss: 0.5069 | Test Acc. 82.0000%
Train AUC: 0.984245
Valid AUC: 0.8842000000000001
AdamP on PCam_transformed: T 1/3 | E 164/200 Ended | E Time: 10.489s | ~Time Left: 377.602s |  Train Loss: 0.1581 | Train Acc. 94.4000% | Test Loss: 0.5526 | Test Acc. 82.7500%
Train AUC: 0.9781460000000001
Valid AUC: 0.8805
AdamP on PCam_transformed: T 1/3 | E 165/200 Ended | E Time: 10.375s | ~Time Left: 363.111s |  Train Loss: 0.1860 | Train Acc. 92.4500% | Test Loss: 0.6240 | Test Acc. 80.0000%
Train AUC: 0.9821789999999999
Valid AUC: 0.8735
AdamP on PCam_transformed: T 1/3 | E 166/200 Ended | E Time: 10.437s | ~Time Left: 354.858s |  Train Loss: 0.1719 | Train Acc. 92.3500% | Test Loss: 0.6426 | Test Acc. 78.2500%
Train AUC: 0.9861700000000001
Valid AUC: 0.8745499999999999
AdamP on PCam_transformed: T 1/3 | E 167/200 Ended | E Time: 10.485s | ~Time Left: 345.999s |  Train Loss: 0.1443 | Train Acc. 94.9500% | Test Loss: 0.5999 | Test Acc. 80.5000%
Train AUC: 0.9850749999999999
Valid AUC: 0.894875
AdamP on PCam_transformed: T 1/3 | E 168/200 Ended | E Time: 10.464s | ~Time Left: 334.846s |  Train Loss: 0.1512 | Train Acc. 94.0500% | Test Loss: 0.5092 | Test Acc. 82.2500%
Train AUC: 0.98528
Valid AUC: 0.9072999999999999
AdamP on PCam_transformed: T 1/3 | E 169/200 Ended | E Time: 10.393s | ~Time Left: 322.194s |  Train Loss: 0.1531 | Train Acc. 94.5500% | Test Loss: 0.5562 | Test Acc. 81.0000%
Train AUC: 0.985578
Valid AUC: 0.8991250000000001
AdamP on PCam_transformed: T 1/3 | E 170/200 Ended | E Time: 10.469s | ~Time Left: 314.082s |  Train Loss: 0.1484 | Train Acc. 94.5000% | Test Loss: 0.5333 | Test Acc. 80.0000%
Train AUC: 0.982432
Valid AUC: 0.910375
AdamP on PCam_transformed: T 1/3 | E 171/200 Ended | E Time: 10.467s | ~Time Left: 303.548s |  Train Loss: 0.1693 | Train Acc. 93.9500% | Test Loss: 0.5274 | Test Acc. 83.2500%
Train AUC: 0.984337
Valid AUC: 0.863675
AdamP on PCam_transformed: T 1/3 | E 172/200 Ended | E Time: 10.533s | ~Time Left: 294.937s |  Train Loss: 0.1569 | Train Acc. 93.4500% | Test Loss: 0.5502 | Test Acc. 76.5000%
Train AUC: 0.982772
Valid AUC: 0.90215
AdamP on PCam_transformed: T 1/3 | E 173/200 Ended | E Time: 10.415s | ~Time Left: 281.199s |  Train Loss: 0.1652 | Train Acc. 93.9500% | Test Loss: 0.4980 | Test Acc. 81.2500%
Train AUC: 0.986193
Valid AUC: 0.8904
AdamP on PCam_transformed: T 1/3 | E 174/200 Ended | E Time: 10.451s | ~Time Left: 271.717s |  Train Loss: 0.1475 | Train Acc. 94.3500% | Test Loss: 0.5857 | Test Acc. 77.7500%
Train AUC: 0.984708
Valid AUC: 0.887975
AdamP on PCam_transformed: T 1/3 | E 175/200 Ended | E Time: 10.435s | ~Time Left: 260.882s |  Train Loss: 0.1546 | Train Acc. 94.2000% | Test Loss: 0.5284 | Test Acc. 79.5000%
Train AUC: 0.988047
Valid AUC: 0.8968499999999999
AdamP on PCam_transformed: T 1/3 | E 176/200 Ended | E Time: 10.480s | ~Time Left: 251.516s |  Train Loss: 0.1375 | Train Acc. 94.9500% | Test Loss: 0.5399 | Test Acc. 81.2500%
Train AUC: 0.985872
Valid AUC: 0.8863500000000001
AdamP on PCam_transformed: T 1/3 | E 177/200 Ended | E Time: 10.446s | ~Time Left: 240.262s |  Train Loss: 0.1521 | Train Acc. 94.1000% | Test Loss: 0.6160 | Test Acc. 79.2500%
Train AUC: 0.985881
Valid AUC: 0.89435
AdamP on PCam_transformed: T 1/3 | E 178/200 Ended | E Time: 10.474s | ~Time Left: 230.417s |  Train Loss: 0.1492 | Train Acc. 94.4500% | Test Loss: 0.5388 | Test Acc. 81.2500%
Train AUC: 0.9875659999999999
Valid AUC: 0.891975
AdamP on PCam_transformed: T 1/3 | E 179/200 Ended | E Time: 10.357s | ~Time Left: 217.488s |  Train Loss: 0.1373 | Train Acc. 94.8500% | Test Loss: 0.5487 | Test Acc. 80.2500%
Train AUC: 0.9873730000000001
Valid AUC: 0.905225
AdamP on PCam_transformed: T 1/3 | E 180/200 Ended | E Time: 10.938s | ~Time Left: 218.760s |  Train Loss: 0.1377 | Train Acc. 94.5000% | Test Loss: 0.5543 | Test Acc. 83.2500%
Train AUC: 0.988313
Valid AUC: 0.8814
AdamP on PCam_transformed: T 1/3 | E 181/200 Ended | E Time: 10.398s | ~Time Left: 197.557s |  Train Loss: 0.1313 | Train Acc. 95.4500% | Test Loss: 0.5988 | Test Acc. 80.7500%
Train AUC: 0.990649
Valid AUC: 0.89615
AdamP on PCam_transformed: T 1/3 | E 182/200 Ended | E Time: 10.385s | ~Time Left: 186.932s |  Train Loss: 0.1161 | Train Acc. 95.7000% | Test Loss: 0.5448 | Test Acc. 81.0000%
Train AUC: 0.9849680000000001
Valid AUC: 0.88115
AdamP on PCam_transformed: T 1/3 | E 183/200 Ended | E Time: 10.907s | ~Time Left: 185.414s |  Train Loss: 0.1524 | Train Acc. 94.4000% | Test Loss: 0.6367 | Test Acc. 81.5000%
Train AUC: 0.984641
Valid AUC: 0.87775
AdamP on PCam_transformed: T 1/3 | E 184/200 Ended | E Time: 10.355s | ~Time Left: 165.677s |  Train Loss: 0.1526 | Train Acc. 94.1500% | Test Loss: 0.5577 | Test Acc. 77.5000%
Train AUC: 0.9879319999999999
Valid AUC: 0.867725
AdamP on PCam_transformed: T 1/3 | E 185/200 Ended | E Time: 10.355s | ~Time Left: 155.321s |  Train Loss: 0.1362 | Train Acc. 95.3500% | Test Loss: 0.6666 | Test Acc. 78.2500%
Train AUC: 0.986993
Valid AUC: 0.889725
AdamP on PCam_transformed: T 1/3 | E 186/200 Ended | E Time: 10.882s | ~Time Left: 152.346s |  Train Loss: 0.1385 | Train Acc. 95.3000% | Test Loss: 0.5680 | Test Acc. 79.7500%
Train AUC: 0.9900749999999999
Valid AUC: 0.8899
AdamP on PCam_transformed: T 1/3 | E 187/200 Ended | E Time: 10.415s | ~Time Left: 135.398s |  Train Loss: 0.1242 | Train Acc. 95.3500% | Test Loss: 0.6202 | Test Acc. 79.2500%
Train AUC: 0.987188
Valid AUC: 0.898175
AdamP on PCam_transformed: T 1/3 | E 188/200 Ended | E Time: 10.446s | ~Time Left: 125.358s |  Train Loss: 0.1359 | Train Acc. 95.6000% | Test Loss: 0.5718 | Test Acc. 79.0000%
Train AUC: 0.9895749999999999
Valid AUC: 0.8812500000000001
AdamP on PCam_transformed: T 1/3 | E 189/200 Ended | E Time: 10.991s | ~Time Left: 120.901s |  Train Loss: 0.1258 | Train Acc. 94.9000% | Test Loss: 0.6296 | Test Acc. 80.5000%
Train AUC: 0.9870899999999999
Valid AUC: 0.8896000000000001
AdamP on PCam_transformed: T 1/3 | E 190/200 Ended | E Time: 10.393s | ~Time Left: 103.933s |  Train Loss: 0.1437 | Train Acc. 95.0000% | Test Loss: 0.6078 | Test Acc. 79.7500%
Train AUC: 0.9895440000000001
Valid AUC: 0.899675
AdamP on PCam_transformed: T 1/3 | E 191/200 Ended | E Time: 10.433s | ~Time Left: 93.900s |  Train Loss: 0.1325 | Train Acc. 94.4500% | Test Loss: 0.5650 | Test Acc. 82.0000%
Train AUC: 0.990259
Valid AUC: 0.8954749999999999
AdamP on PCam_transformed: T 1/3 | E 192/200 Ended | E Time: 11.253s | ~Time Left: 90.026s |  Train Loss: 0.1229 | Train Acc. 95.6000% | Test Loss: 0.6427 | Test Acc. 80.5000%
Train AUC: 0.988375
Valid AUC: 0.8539250000000002
AdamP on PCam_transformed: T 1/3 | E 193/200 Ended | E Time: 10.366s | ~Time Left: 72.559s |  Train Loss: 0.1366 | Train Acc. 94.3500% | Test Loss: 0.6745 | Test Acc. 77.5000%
Train AUC: 0.9884499999999999
Valid AUC: 0.91075
AdamP on PCam_transformed: T 1/3 | E 194/200 Ended | E Time: 10.366s | ~Time Left: 62.199s |  Train Loss: 0.1314 | Train Acc. 95.4500% | Test Loss: 0.5363 | Test Acc. 81.5000%
Train AUC: 0.989883
Valid AUC: 0.904275
AdamP on PCam_transformed: T 1/3 | E 195/200 Ended | E Time: 10.486s | ~Time Left: 52.429s |  Train Loss: 0.1259 | Train Acc. 95.6500% | Test Loss: 0.5469 | Test Acc. 81.0000%
Train AUC: 0.992625
Valid AUC: 0.9088249999999999
AdamP on PCam_transformed: T 1/3 | E 196/200 Ended | E Time: 10.438s | ~Time Left: 41.754s |  Train Loss: 0.1072 | Train Acc. 95.8000% | Test Loss: 0.5495 | Test Acc. 83.5000%
Train AUC: 0.993509
Valid AUC: 0.904525
AdamP on PCam_transformed: T 1/3 | E 197/200 Ended | E Time: 10.361s | ~Time Left: 31.083s |  Train Loss: 0.1016 | Train Acc. 95.9000% | Test Loss: 0.5179 | Test Acc. 82.5000%
Train AUC: 0.990914
Valid AUC: 0.855825
AdamP on PCam_transformed: T 1/3 | E 198/200 Ended | E Time: 10.458s | ~Time Left: 20.915s |  Train Loss: 0.1215 | Train Acc. 95.4000% | Test Loss: 0.8607 | Test Acc. 76.7500%
Train AUC: 0.988764
Valid AUC: 0.8869
AdamP on PCam_transformed: T 1/3 | E 199/200 Ended | E Time: 10.294s | ~Time Left: 10.295s |  Train Loss: 0.1299 | Train Acc. 95.0500% | Test Loss: 0.6139 | Test Acc. 79.7500%
Train AUC: 0.9900589999999999
Valid AUC: 0.9079
AdamP on PCam_transformed: T 1/3 | E 200/200 Ended | E Time: 10.344s | ~Time Left: 0.000s |  Train Loss: 0.1176 | Train Acc. 96.0000% | Test Loss: 0.5306 | Test Acc. 83.0000%
Traceback (most recent call last):
  File "/project/6060173/zhan8425/HistoKT/ENV/lib/python3.8/site-packages/torch/serialization.py", line 372, in save
    _save(obj, opened_zipfile, pickle_module, pickle_protocol)
  File "/project/6060173/zhan8425/HistoKT/ENV/lib/python3.8/site-packages/torch/serialization.py", line 491, in _save
    zip_file.write_record(name, storage.data_ptr(), num_bytes)
OSError: [Errno 122] Disk quota exceeded

During handling of the above exception, another exception occurred:

Traceback (most recent call last):
  File "/project/6060173/zhan8425/HistoKT/ENV/lib/python3.8/site-packages/torch/serialization.py", line 373, in save
    return
  File "/project/6060173/zhan8425/HistoKT/ENV/lib/python3.8/site-packages/torch/serialization.py", line 259, in __exit__
    self.file_like.write_end_of_file()
RuntimeError: [enforce fail at inline_container.cc:274] . unexpected pos 3807936 vs 3807824

During handling of the above exception, another exception occurred:

Traceback (most recent call last):
  File "src/adas/train.py", line 871, in <module>
    main(args)
  File "src/adas/train.py", line 834, in main
    main_worker(args.gpu, ngpus_per_node, args)
  File "src/adas/train.py", line 863, in main_worker
    training_agent.train()
  File "src/adas/train.py", line 411, in train
    self.run_epochs(trial, epochs)
  File "src/adas/train.py", line 469, in run_epochs
    torch.save(data, str(self.checkpoint_path / filename))
  File "/project/6060173/zhan8425/HistoKT/ENV/lib/python3.8/site-packages/torch/serialization.py", line 374, in save
    _legacy_save(obj, opened_file, pickle_module, pickle_protocol)
  File "/project/6060173/zhan8425/HistoKT/ENV/lib/python3.8/site-packages/torch/serialization.py", line 214, in __exit__
    self.file_like.close()
OSError: [Errno 122] Disk quota exceeded
terminate called after throwing an instance of 'c10::Error'
  what():  [enforce fail at inline_container.cc:274] . unexpected pos 3807936 vs 3807824
frame #0: c10::ThrowEnforceNotMet(char const*, int, char const*, std::string const&, void const*) + 0x47 (0x2b3a89d5b0e7 in /project/6060173/zhan8425/HistoKT/ENV/lib/python3.8/site-packages/torch/lib/libc10.so)
frame #1: <unknown function> + 0x206a420 (0x2b3a39eef420 in /project/6060173/zhan8425/HistoKT/ENV/lib/python3.8/site-packages/torch/lib/libtorch_cpu.so)
frame #2: <unknown function> + 0x20665f3 (0x2b3a39eeb5f3 in /project/6060173/zhan8425/HistoKT/ENV/lib/python3.8/site-packages/torch/lib/libtorch_cpu.so)
frame #3: caffe2::serialize::PyTorchStreamWriter::writeRecord(std::string const&, void const*, unsigned long, bool) + 0xa9 (0x2b3a39eefd99 in /project/6060173/zhan8425/HistoKT/ENV/lib/python3.8/site-packages/torch/lib/libtorch_cpu.so)
frame #4: caffe2::serialize::PyTorchStreamWriter::writeEndOfFile() + 0xe1 (0x2b3a39ef08d1 in /project/6060173/zhan8425/HistoKT/ENV/lib/python3.8/site-packages/torch/lib/libtorch_cpu.so)
frame #5: caffe2::serialize::PyTorchStreamWriter::~PyTorchStreamWriter() + 0x115 (0x2b3a39ef10c5 in /project/6060173/zhan8425/HistoKT/ENV/lib/python3.8/site-packages/torch/lib/libtorch_cpu.so)
frame #6: <unknown function> + 0x737903 (0x2b3a36dbc903 in /project/6060173/zhan8425/HistoKT/ENV/lib/python3.8/site-packages/torch/lib/libtorch_python.so)
frame #7: <unknown function> + 0x369b90 (0x2b3a369eeb90 in /project/6060173/zhan8425/HistoKT/ENV/lib/python3.8/site-packages/torch/lib/libtorch_python.so)
frame #8: <unknown function> + 0x36adfe (0x2b3a369efdfe in /project/6060173/zhan8425/HistoKT/ENV/lib/python3.8/site-packages/torch/lib/libtorch_python.so)
<omitting python frames>
frame #22: __libc_start_main + 0xeb (0x2b3a342d4e1b in /cvmfs/soft.computecanada.ca/gentoo/2020/lib64/libc.so.6)

/var/spool/slurmd/job6958644/slurm_script: line 30: 93930 Aborted                 (core dumped) python src/adas/train.py --config PostTrainingConfigs/PCam_transformed_testing/AdamP/lr-0.00005-config-AdamP.yaml --output ADP_post_trained/PCam_transformed/AdamP/output/fine_tuning --checkpoint ADP_post_trained/PCam_transformed/AdamP/checkpoint/fine_tuning/lr-0.00005 --data $SLURM_TMPDIR --pretrained_model /home/zhan8425/projects/def-plato/zhan8425/HistoKT/.Adas-checkpoint/ADP/best_trial_2.pth.tar --freeze_encoder True
Adas: Argument Parser Options
---------------------------------------------
    config              : PostTrainingConfigs/PCam_transformed_testing/AdamP/lr-0.00005-config-AdamP.yaml
    data                : /localscratch/zhan8425.6958644.0        
    output              : ADP_post_trained/PCam_transformed/AdamP/output/deep_tuning
    checkpoint          : ADP_post_trained/PCam_transformed/AdamP/checkpoint/deep_tuning/lr-0.00005
    resume              : None                                    
    pretrained_model    : /home/zhan8425/projects/def-plato/zhan8425/HistoKT/.Adas-checkpoint/ADP/best_trial_2.pth.tar
    freeze_encoder      : 0                                       
    root                : .                                       
    save_freq           : 25                                      
    cpu                 : 0                                       
    gpu                 : 0                                       
    mpd                 : 0                                       
    dist_url            : tcp://127.0.0.1:23456                   
    dist_backend        : nccl                                    
    world_size          : -1                                      
    rank                : -1                                      
---------------------------------------------
Adas: Notice: early stop will not be used as it was set to -1.0, training till completion
Adas: Experiment Configuration
---------------------------------------------
    dataset              PCam_transformed    
    network              ResNet18            
    optimizer            AdamP               
    scheduler            None                
    level                L3Only              
    color_kwargs         {'augmentation': 'Color-Distortion', 'distortion': 0.3}
    degree_of_rotation   45                  
    vertical_flipping    0.5                 
    horizontal_flipping  0.5                 
    horizontal_shift     0.1                 
    vertical_shift       0.1                 
    gaussian_blur        0                   
    kernel_size          9                   
    variance             0.1                 
    cutout               0                   
    n_holes              1                   
    cutout_length        16                  
    init_lr              5e-05               
    early_stop_threshold -1.0                
    optimizer_kwargs     {'weight_decay': 0.0005}
    scheduler_kwargs     {'gamma': 0.5, 'step_size': 20.0}
    p                    1                   
    start_trial          0                   
    n_trials             3                   
    num_workers          4                   
    max_epochs           200                 
    mini_batch_size      32                  
    loss                 cross_entropy       
    early_stop_patience  10                  
---------------------------------------------
Adas: Pytorch device is set to cuda
Train AUC: 0.8065869999999999
Valid AUC: 0.792125
AdamP on PCam_transformed: T 1/3 | E 1/200 Ended | E Time: 10.803s | ~Time Left: 2149.887s |  Train Loss: 0.5335 | Train Acc. 73.8000% | Test Loss: 0.5700 | Test Acc. 70.0000%
Traceback (most recent call last):
  File "/project/6060173/zhan8425/HistoKT/ENV/lib/python3.8/site-packages/torch/serialization.py", line 372, in save
    _save(obj, opened_zipfile, pickle_module, pickle_protocol)
  File "/project/6060173/zhan8425/HistoKT/ENV/lib/python3.8/site-packages/torch/serialization.py", line 491, in _save
    zip_file.write_record(name, storage.data_ptr(), num_bytes)
OSError: [Errno 122] Disk quota exceeded

During handling of the above exception, another exception occurred:

Traceback (most recent call last):
  File "/project/6060173/zhan8425/HistoKT/ENV/lib/python3.8/site-packages/torch/serialization.py", line 373, in save
    return
  File "/project/6060173/zhan8425/HistoKT/ENV/lib/python3.8/site-packages/torch/serialization.py", line 259, in __exit__
    self.file_like.write_end_of_file()
RuntimeError: [enforce fail at inline_container.cc:274] . unexpected pos 3186112 vs 3186000

During handling of the above exception, another exception occurred:

Traceback (most recent call last):
  File "src/adas/train.py", line 871, in <module>
    main(args)
  File "src/adas/train.py", line 834, in main
    main_worker(args.gpu, ngpus_per_node, args)
  File "src/adas/train.py", line 863, in main_worker
    training_agent.train()
  File "src/adas/train.py", line 411, in train
    self.run_epochs(trial, epochs)
  File "src/adas/train.py", line 462, in run_epochs
    torch.save(data, str(self.checkpoint_path / filename))
  File "/project/6060173/zhan8425/HistoKT/ENV/lib/python3.8/site-packages/torch/serialization.py", line 374, in save
    _legacy_save(obj, opened_file, pickle_module, pickle_protocol)
  File "/project/6060173/zhan8425/HistoKT/ENV/lib/python3.8/site-packages/torch/serialization.py", line 214, in __exit__
    self.file_like.close()
OSError: [Errno 122] Disk quota exceeded
terminate called after throwing an instance of 'c10::Error'
  what():  [enforce fail at inline_container.cc:274] . unexpected pos 3186112 vs 3186000
frame #0: c10::ThrowEnforceNotMet(char const*, int, char const*, std::string const&, void const*) + 0x47 (0x2b3a87c170e7 in /project/6060173/zhan8425/HistoKT/ENV/lib/python3.8/site-packages/torch/lib/libc10.so)
frame #1: <unknown function> + 0x206a420 (0x2b3a37dab420 in /project/6060173/zhan8425/HistoKT/ENV/lib/python3.8/site-packages/torch/lib/libtorch_cpu.so)
frame #2: <unknown function> + 0x20665f3 (0x2b3a37da75f3 in /project/6060173/zhan8425/HistoKT/ENV/lib/python3.8/site-packages/torch/lib/libtorch_cpu.so)
frame #3: caffe2::serialize::PyTorchStreamWriter::writeRecord(std::string const&, void const*, unsigned long, bool) + 0xa9 (0x2b3a37dabd99 in /project/6060173/zhan8425/HistoKT/ENV/lib/python3.8/site-packages/torch/lib/libtorch_cpu.so)
frame #4: caffe2::serialize::PyTorchStreamWriter::writeEndOfFile() + 0xe1 (0x2b3a37dac8d1 in /project/6060173/zhan8425/HistoKT/ENV/lib/python3.8/site-packages/torch/lib/libtorch_cpu.so)
frame #5: caffe2::serialize::PyTorchStreamWriter::~PyTorchStreamWriter() + 0x115 (0x2b3a37dad0c5 in /project/6060173/zhan8425/HistoKT/ENV/lib/python3.8/site-packages/torch/lib/libtorch_cpu.so)
frame #6: <unknown function> + 0x737903 (0x2b3a34c78903 in /project/6060173/zhan8425/HistoKT/ENV/lib/python3.8/site-packages/torch/lib/libtorch_python.so)
frame #7: <unknown function> + 0x369b90 (0x2b3a348aab90 in /project/6060173/zhan8425/HistoKT/ENV/lib/python3.8/site-packages/torch/lib/libtorch_python.so)
frame #8: <unknown function> + 0x36adfe (0x2b3a348abdfe in /project/6060173/zhan8425/HistoKT/ENV/lib/python3.8/site-packages/torch/lib/libtorch_python.so)
<omitting python frames>
frame #22: __libc_start_main + 0xeb (0x2b3a32190e1b in /cvmfs/soft.computecanada.ca/gentoo/2020/lib64/libc.so.6)

/var/spool/slurmd/job6958644/slurm_script: line 31: 104379 Aborted                 (core dumped) python src/adas/train.py --config PostTrainingConfigs/PCam_transformed_testing/AdamP/lr-0.00005-config-AdamP.yaml --output ADP_post_trained/PCam_transformed/AdamP/output/deep_tuning --checkpoint ADP_post_trained/PCam_transformed/AdamP/checkpoint/deep_tuning/lr-0.00005 --data $SLURM_TMPDIR --pretrained_model /home/zhan8425/projects/def-plato/zhan8425/HistoKT/.Adas-checkpoint/ADP/best_trial_2.pth.tar --freeze_encoder False
